{"/Users/anandinisingh/Downloads/webdev2/ots-webapp/src/context/DataContext.jsx": {"path":"/Users/anandinisingh/Downloads/webdev2/ots-webapp/src/context/DataContext.jsx","statementMap":{"0":{"start":{"line":62,"column":6},"end":{"line":62,"column":null}},"1":{"start":{"line":64,"column":28},"end":{"line":1290,"column":null}},"2":{"start":{"line":65,"column":26},"end":{"line":65,"column":null}},"3":{"start":{"line":66,"column":32},"end":{"line":66,"column":null}},"4":{"start":{"line":67,"column":32},"end":{"line":67,"column":null}},"5":{"start":{"line":68,"column":34},"end":{"line":68,"column":null}},"6":{"start":{"line":69,"column":32},"end":{"line":69,"column":null}},"7":{"start":{"line":70,"column":42},"end":{"line":70,"column":null}},"8":{"start":{"line":71,"column":44},"end":{"line":71,"column":null}},"9":{"start":{"line":72,"column":28},"end":{"line":72,"column":null}},"10":{"start":{"line":73,"column":40},"end":{"line":73,"column":null}},"11":{"start":{"line":74,"column":42},"end":{"line":74,"column":null}},"12":{"start":{"line":75,"column":40},"end":{"line":75,"column":null}},"13":{"start":{"line":76,"column":28},"end":{"line":76,"column":null}},"14":{"start":{"line":77,"column":44},"end":{"line":77,"column":null}},"15":{"start":{"line":78,"column":30},"end":{"line":78,"column":null}},"16":{"start":{"line":80,"column":36},"end":{"line":80,"column":null}},"17":{"start":{"line":81,"column":40},"end":{"line":85,"column":null}},"18":{"start":{"line":86,"column":28},"end":{"line":86,"column":null}},"19":{"start":{"line":89,"column":2},"end":{"line":97,"column":null}},"20":{"start":{"line":90,"column":10},"end":{"line":90,"column":null}},"21":{"start":{"line":91,"column":4},"end":{"line":96,"column":null}},"22":{"start":{"line":92,"column":27},"end":{"line":92,"column":null}},"23":{"start":{"line":93,"column":6},"end":{"line":95,"column":null}},"24":{"start":{"line":94,"column":8},"end":{"line":94,"column":null}},"25":{"start":{"line":94,"column":42},"end":{"line":94,"column":48}},"26":{"start":{"line":100,"column":2},"end":{"line":128,"column":null}},"27":{"start":{"line":101,"column":24},"end":{"line":111,"column":null}},"28":{"start":{"line":102,"column":6},"end":{"line":110,"column":null}},"29":{"start":{"line":103,"column":8},"end":{"line":107,"column":null}},"30":{"start":{"line":104,"column":32},"end":{"line":104,"column":null}},"31":{"start":{"line":104,"column":49},"end":{"line":104,"column":90}},"32":{"start":{"line":105,"column":10},"end":{"line":105,"column":null}},"33":{"start":{"line":105,"column":35},"end":{"line":105,"column":72}},"34":{"start":{"line":106,"column":10},"end":{"line":106,"column":null}},"35":{"start":{"line":108,"column":6},"end":{"line":110,"column":null}},"36":{"start":{"line":109,"column":8},"end":{"line":109,"column":null}},"37":{"start":{"line":109,"column":38},"end":{"line":109,"column":75}},"38":{"start":{"line":114,"column":4},"end":{"line":116,"column":null}},"39":{"start":{"line":115,"column":6},"end":{"line":115,"column":null}},"40":{"start":{"line":115,"column":25},"end":{"line":115,"column":34}},"41":{"start":{"line":115,"column":51},"end":{"line":115,"column":92}},"42":{"start":{"line":118,"column":25},"end":{"line":122,"column":null}},"43":{"start":{"line":119,"column":6},"end":{"line":121,"column":null}},"44":{"start":{"line":120,"column":8},"end":{"line":120,"column":null}},"45":{"start":{"line":120,"column":47},"end":{"line":120,"column":87}},"46":{"start":{"line":124,"column":4},"end":{"line":127,"column":null}},"47":{"start":{"line":125,"column":6},"end":{"line":125,"column":null}},"48":{"start":{"line":126,"column":6},"end":{"line":126,"column":null}},"49":{"start":{"line":131,"column":8},"end":{"line":134,"column":null}},"50":{"start":{"line":132,"column":4},"end":{"line":132,"column":null}},"51":{"start":{"line":133,"column":4},"end":{"line":133,"column":null}},"52":{"start":{"line":135,"column":34},"end":{"line":135,"column":null}},"53":{"start":{"line":136,"column":38},"end":{"line":136,"column":null}},"54":{"start":{"line":137,"column":36},"end":{"line":137,"column":null}},"55":{"start":{"line":138,"column":38},"end":{"line":138,"column":null}},"56":{"start":{"line":143,"column":2},"end":{"line":316,"column":null}},"57":{"start":{"line":144,"column":27},"end":{"line":307,"column":null}},"58":{"start":{"line":145,"column":6},"end":{"line":306,"column":null}},"59":{"start":{"line":146,"column":8},"end":{"line":146,"column":null}},"60":{"start":{"line":147,"column":8},"end":{"line":147,"column":null}},"61":{"start":{"line":150,"column":29},"end":{"line":150,"column":null}},"62":{"start":{"line":151,"column":32},"end":{"line":151,"column":null}},"63":{"start":{"line":152,"column":32},"end":{"line":152,"column":null}},"64":{"start":{"line":153,"column":34},"end":{"line":153,"column":null}},"65":{"start":{"line":154,"column":31},"end":{"line":154,"column":null}},"66":{"start":{"line":156,"column":8},"end":{"line":202,"column":null}},"67":{"start":{"line":157,"column":10},"end":{"line":157,"column":null}},"68":{"start":{"line":158,"column":10},"end":{"line":158,"column":null}},"69":{"start":{"line":161,"column":29},"end":{"line":200,"column":null}},"70":{"start":{"line":164,"column":30},"end":{"line":172,"column":16}},"71":{"start":{"line":201,"column":10},"end":{"line":201,"column":null}},"72":{"start":{"line":204,"column":8},"end":{"line":206,"column":null}},"73":{"start":{"line":205,"column":10},"end":{"line":205,"column":null}},"74":{"start":{"line":208,"column":8},"end":{"line":250,"column":null}},"75":{"start":{"line":209,"column":10},"end":{"line":209,"column":null}},"76":{"start":{"line":212,"column":10},"end":{"line":249,"column":null}},"77":{"start":{"line":252,"column":8},"end":{"line":255,"column":null}},"78":{"start":{"line":253,"column":10},"end":{"line":253,"column":null}},"79":{"start":{"line":254,"column":10},"end":{"line":254,"column":null}},"80":{"start":{"line":257,"column":25},"end":{"line":257,"column":null}},"81":{"start":{"line":257,"column":53},"end":{"line":257,"column":80}},"82":{"start":{"line":258,"column":8},"end":{"line":260,"column":null}},"83":{"start":{"line":259,"column":10},"end":{"line":259,"column":null}},"84":{"start":{"line":261,"column":26},"end":{"line":261,"column":null}},"85":{"start":{"line":261,"column":54},"end":{"line":261,"column":80}},"86":{"start":{"line":262,"column":8},"end":{"line":262,"column":null}},"87":{"start":{"line":262,"column":23},"end":{"line":262,"column":null}},"88":{"start":{"line":264,"column":28},"end":{"line":264,"column":null}},"89":{"start":{"line":264,"column":56},"end":{"line":264,"column":81}},"90":{"start":{"line":265,"column":8},"end":{"line":277,"column":null}},"91":{"start":{"line":265,"column":25},"end":{"line":265,"column":null}},"92":{"start":{"line":268,"column":35},"end":{"line":268,"column":null}},"93":{"start":{"line":269,"column":10},"end":{"line":275,"column":null}},"94":{"start":{"line":269,"column":35},"end":{"line":269,"column":46}},"95":{"start":{"line":270,"column":12},"end":{"line":274,"column":null}},"96":{"start":{"line":276,"column":10},"end":{"line":276,"column":null}},"97":{"start":{"line":279,"column":27},"end":{"line":279,"column":null}},"98":{"start":{"line":279,"column":55},"end":{"line":279,"column":74}},"99":{"start":{"line":280,"column":8},"end":{"line":296,"column":null}},"100":{"start":{"line":281,"column":10},"end":{"line":281,"column":null}},"101":{"start":{"line":284,"column":30},"end":{"line":284,"column":null}},"102":{"start":{"line":285,"column":10},"end":{"line":294,"column":null}},"103":{"start":{"line":285,"column":35},"end":{"line":285,"column":46}},"104":{"start":{"line":286,"column":12},"end":{"line":293,"column":null}},"105":{"start":{"line":295,"column":10},"end":{"line":295,"column":null}},"106":{"start":{"line":299,"column":8},"end":{"line":299,"column":null}},"107":{"start":{"line":300,"column":8},"end":{"line":300,"column":null}},"108":{"start":{"line":301,"column":8},"end":{"line":301,"column":null}},"109":{"start":{"line":303,"column":8},"end":{"line":303,"column":null}},"110":{"start":{"line":304,"column":8},"end":{"line":304,"column":null}},"111":{"start":{"line":305,"column":8},"end":{"line":305,"column":null}},"112":{"start":{"line":308,"column":4},"end":{"line":308,"column":null}},"113":{"start":{"line":311,"column":4},"end":{"line":315,"column":null}},"114":{"start":{"line":312,"column":6},"end":{"line":314,"column":null}},"115":{"start":{"line":313,"column":8},"end":{"line":313,"column":null}},"116":{"start":{"line":319,"column":2},"end":{"line":323,"column":null}},"117":{"start":{"line":320,"column":4},"end":{"line":322,"column":null}},"118":{"start":{"line":321,"column":6},"end":{"line":321,"column":null}},"119":{"start":{"line":325,"column":2},"end":{"line":329,"column":null}},"120":{"start":{"line":326,"column":4},"end":{"line":328,"column":null}},"121":{"start":{"line":327,"column":6},"end":{"line":327,"column":null}},"122":{"start":{"line":331,"column":2},"end":{"line":335,"column":null}},"123":{"start":{"line":332,"column":4},"end":{"line":334,"column":null}},"124":{"start":{"line":333,"column":6},"end":{"line":333,"column":null}},"125":{"start":{"line":337,"column":2},"end":{"line":341,"column":null}},"126":{"start":{"line":338,"column":4},"end":{"line":340,"column":null}},"127":{"start":{"line":339,"column":6},"end":{"line":339,"column":null}},"128":{"start":{"line":343,"column":2},"end":{"line":349,"column":null}},"129":{"start":{"line":344,"column":4},"end":{"line":348,"column":null}},"130":{"start":{"line":345,"column":6},"end":{"line":345,"column":null}},"131":{"start":{"line":346,"column":6},"end":{"line":346,"column":null}},"132":{"start":{"line":347,"column":6},"end":{"line":347,"column":null}},"133":{"start":{"line":354,"column":2},"end":{"line":387,"column":null}},"134":{"start":{"line":355,"column":21},"end":{"line":385,"column":null}},"135":{"start":{"line":356,"column":6},"end":{"line":384,"column":null}},"136":{"start":{"line":357,"column":8},"end":{"line":383,"column":null}},"137":{"start":{"line":358,"column":10},"end":{"line":381,"column":null}},"138":{"start":{"line":359,"column":25},"end":{"line":365,"column":null}},"139":{"start":{"line":366,"column":30},"end":{"line":366,"column":null}},"140":{"start":{"line":367,"column":12},"end":{"line":380,"column":null}},"141":{"start":{"line":382,"column":10},"end":{"line":382,"column":null}},"142":{"start":{"line":386,"column":4},"end":{"line":386,"column":null}},"143":{"start":{"line":386,"column":17},"end":{"line":386,"column":null}},"144":{"start":{"line":393,"column":8},"end":{"line":402,"column":null}},"145":{"start":{"line":394,"column":4},"end":{"line":401,"column":null}},"146":{"start":{"line":394,"column":34},"end":{"line":401,"column":6}},"147":{"start":{"line":411,"column":8},"end":{"line":417,"column":null}},"148":{"start":{"line":413,"column":21},"end":{"line":413,"column":null}},"149":{"start":{"line":414,"column":6},"end":{"line":414,"column":null}},"150":{"start":{"line":420,"column":2},"end":{"line":428,"column":null}},"151":{"start":{"line":421,"column":18},"end":{"line":421,"column":null}},"152":{"start":{"line":422,"column":4},"end":{"line":426,"column":null}},"153":{"start":{"line":422,"column":23},"end":{"line":422,"column":39}},"154":{"start":{"line":423,"column":6},"end":{"line":425,"column":null}},"155":{"start":{"line":424,"column":8},"end":{"line":424,"column":null}},"156":{"start":{"line":427,"column":4},"end":{"line":427,"column":null}},"157":{"start":{"line":437,"column":8},"end":{"line":620,"column":null}},"158":{"start":{"line":438,"column":10},"end":{"line":438,"column":null}},"159":{"start":{"line":439,"column":4},"end":{"line":441,"column":null}},"160":{"start":{"line":440,"column":6},"end":{"line":440,"column":null}},"161":{"start":{"line":443,"column":21},"end":{"line":457,"column":null}},"162":{"start":{"line":460,"column":24},"end":{"line":460,"column":null}},"163":{"start":{"line":461,"column":4},"end":{"line":461,"column":null}},"164":{"start":{"line":462,"column":4},"end":{"line":462,"column":null}},"165":{"start":{"line":464,"column":4},"end":{"line":464,"column":null}},"166":{"start":{"line":466,"column":4},"end":{"line":472,"column":null}},"167":{"start":{"line":467,"column":6},"end":{"line":467,"column":null}},"168":{"start":{"line":468,"column":6},"end":{"line":468,"column":null}},"169":{"start":{"line":469,"column":6},"end":{"line":469,"column":null}},"170":{"start":{"line":471,"column":6},"end":{"line":471,"column":null}},"171":{"start":{"line":475,"column":4},"end":{"line":482,"column":null}},"172":{"start":{"line":476,"column":6},"end":{"line":481,"column":null}},"173":{"start":{"line":484,"column":4},"end":{"line":487,"column":null}},"174":{"start":{"line":485,"column":6},"end":{"line":485,"column":null}},"175":{"start":{"line":486,"column":6},"end":{"line":486,"column":null}},"176":{"start":{"line":488,"column":4},"end":{"line":488,"column":null}},"177":{"start":{"line":488,"column":29},"end":{"line":488,"column":66}},"178":{"start":{"line":489,"column":4},"end":{"line":489,"column":null}},"179":{"start":{"line":492,"column":4},"end":{"line":537,"column":null}},"180":{"start":{"line":493,"column":21},"end":{"line":497,"column":null}},"181":{"start":{"line":500,"column":6},"end":{"line":521,"column":null}},"182":{"start":{"line":501,"column":20},"end":{"line":501,"column":null}},"183":{"start":{"line":502,"column":32},"end":{"line":502,"column":null}},"184":{"start":{"line":505,"column":35},"end":{"line":505,"column":null}},"185":{"start":{"line":510,"column":36},"end":{"line":513,"column":null}},"186":{"start":{"line":516,"column":31},"end":{"line":516,"column":null}},"187":{"start":{"line":518,"column":8},"end":{"line":518,"column":null}},"188":{"start":{"line":519,"column":8},"end":{"line":519,"column":null}},"189":{"start":{"line":520,"column":8},"end":{"line":520,"column":null}},"190":{"start":{"line":523,"column":26},"end":{"line":527,"column":null}},"191":{"start":{"line":528,"column":6},"end":{"line":530,"column":null}},"192":{"start":{"line":529,"column":8},"end":{"line":529,"column":null}},"193":{"start":{"line":533,"column":6},"end":{"line":536,"column":null}},"194":{"start":{"line":533,"column":34},"end":{"line":536,"column":8}},"195":{"start":{"line":541,"column":4},"end":{"line":560,"column":null}},"196":{"start":{"line":542,"column":19},"end":{"line":542,"column":null}},"197":{"start":{"line":543,"column":6},"end":{"line":543,"column":null}},"198":{"start":{"line":544,"column":6},"end":{"line":544,"column":null}},"199":{"start":{"line":545,"column":6},"end":{"line":545,"column":null}},"200":{"start":{"line":547,"column":6},"end":{"line":559,"column":null}},"201":{"start":{"line":548,"column":8},"end":{"line":548,"column":null}},"202":{"start":{"line":549,"column":8},"end":{"line":549,"column":null}},"203":{"start":{"line":552,"column":8},"end":{"line":558,"column":null}},"204":{"start":{"line":563,"column":20},"end":{"line":563,"column":null}},"205":{"start":{"line":563,"column":42},"end":{"line":563,"column":64}},"206":{"start":{"line":564,"column":24},"end":{"line":564,"column":null}},"207":{"start":{"line":566,"column":4},"end":{"line":573,"column":null}},"208":{"start":{"line":567,"column":6},"end":{"line":567,"column":null}},"209":{"start":{"line":568,"column":6},"end":{"line":572,"column":null}},"210":{"start":{"line":575,"column":4},"end":{"line":579,"column":null}},"211":{"start":{"line":576,"column":6},"end":{"line":576,"column":null}},"212":{"start":{"line":577,"column":6},"end":{"line":577,"column":null}},"213":{"start":{"line":578,"column":6},"end":{"line":578,"column":null}},"214":{"start":{"line":578,"column":33},"end":{"line":578,"column":52}},"215":{"start":{"line":581,"column":4},"end":{"line":581,"column":null}},"216":{"start":{"line":581,"column":15},"end":{"line":581,"column":59}},"217":{"start":{"line":584,"column":4},"end":{"line":592,"column":null}},"218":{"start":{"line":585,"column":6},"end":{"line":591,"column":null}},"219":{"start":{"line":585,"column":36},"end":{"line":591,"column":8}},"220":{"start":{"line":595,"column":21},"end":{"line":604,"column":null}},"221":{"start":{"line":605,"column":4},"end":{"line":605,"column":null}},"222":{"start":{"line":605,"column":23},"end":{"line":605,"column":73}},"223":{"start":{"line":607,"column":4},"end":{"line":617,"column":null}},"224":{"start":{"line":608,"column":6},"end":{"line":608,"column":null}},"225":{"start":{"line":609,"column":6},"end":{"line":609,"column":null}},"226":{"start":{"line":610,"column":12},"end":{"line":610,"column":null}},"227":{"start":{"line":611,"column":6},"end":{"line":614,"column":null}},"228":{"start":{"line":616,"column":6},"end":{"line":616,"column":null}},"229":{"start":{"line":619,"column":4},"end":{"line":619,"column":null}},"230":{"start":{"line":625,"column":8},"end":{"line":702,"column":null}},"231":{"start":{"line":626,"column":4},"end":{"line":701,"column":null}},"232":{"start":{"line":628,"column":27},"end":{"line":628,"column":null}},"233":{"start":{"line":628,"column":46},"end":{"line":628,"column":62}},"234":{"start":{"line":629,"column":6},"end":{"line":629,"column":null}},"235":{"start":{"line":629,"column":25},"end":{"line":629,"column":null}},"236":{"start":{"line":632,"column":31},"end":{"line":635,"column":null}},"237":{"start":{"line":637,"column":6},"end":{"line":640,"column":null}},"238":{"start":{"line":638,"column":8},"end":{"line":638,"column":null}},"239":{"start":{"line":639,"column":8},"end":{"line":639,"column":null}},"240":{"start":{"line":642,"column":27},"end":{"line":642,"column":null}},"241":{"start":{"line":645,"column":6},"end":{"line":645,"column":null}},"242":{"start":{"line":645,"column":26},"end":{"line":645,"column":80}},"243":{"start":{"line":645,"column":43},"end":{"line":645,"column":79}},"244":{"start":{"line":646,"column":6},"end":{"line":646,"column":null}},"245":{"start":{"line":646,"column":31},"end":{"line":646,"column":68}},"246":{"start":{"line":649,"column":6},"end":{"line":649,"column":null}},"247":{"start":{"line":652,"column":6},"end":{"line":669,"column":null}},"248":{"start":{"line":653,"column":8},"end":{"line":660,"column":null}},"249":{"start":{"line":653,"column":35},"end":{"line":660,"column":10}},"250":{"start":{"line":661,"column":6},"end":{"line":669,"column":null}},"251":{"start":{"line":662,"column":8},"end":{"line":668,"column":null}},"252":{"start":{"line":662,"column":35},"end":{"line":668,"column":10}},"253":{"start":{"line":672,"column":6},"end":{"line":695,"column":null}},"254":{"start":{"line":673,"column":14},"end":{"line":673,"column":null}},"255":{"start":{"line":674,"column":8},"end":{"line":692,"column":null}},"256":{"start":{"line":675,"column":10},"end":{"line":675,"column":null}},"257":{"start":{"line":676,"column":10},"end":{"line":679,"column":null}},"258":{"start":{"line":680,"column":8},"end":{"line":692,"column":null}},"259":{"start":{"line":681,"column":10},"end":{"line":681,"column":null}},"260":{"start":{"line":682,"column":10},"end":{"line":684,"column":null}},"261":{"start":{"line":685,"column":8},"end":{"line":692,"column":null}},"262":{"start":{"line":686,"column":25},"end":{"line":686,"column":null}},"263":{"start":{"line":687,"column":10},"end":{"line":687,"column":null}},"264":{"start":{"line":688,"column":10},"end":{"line":691,"column":null}},"265":{"start":{"line":694,"column":8},"end":{"line":694,"column":null}},"266":{"start":{"line":697,"column":6},"end":{"line":697,"column":null}},"267":{"start":{"line":699,"column":6},"end":{"line":699,"column":null}},"268":{"start":{"line":700,"column":6},"end":{"line":700,"column":null}},"269":{"start":{"line":706,"column":8},"end":{"line":728,"column":null}},"270":{"start":{"line":708,"column":29},"end":{"line":708,"column":null}},"271":{"start":{"line":708,"column":50},"end":{"line":708,"column":73}},"272":{"start":{"line":709,"column":22},"end":{"line":709,"column":null}},"273":{"start":{"line":711,"column":6},"end":{"line":723,"column":null}},"274":{"start":{"line":712,"column":8},"end":{"line":719,"column":null}},"275":{"start":{"line":713,"column":29},"end":{"line":713,"column":null}},"276":{"start":{"line":713,"column":59},"end":{"line":713,"column":63}},"277":{"start":{"line":714,"column":10},"end":{"line":718,"column":null}},"278":{"start":{"line":715,"column":12},"end":{"line":717,"column":null}},"279":{"start":{"line":716,"column":47},"end":{"line":716,"column":64}},"280":{"start":{"line":721,"column":8},"end":{"line":721,"column":null}},"281":{"start":{"line":722,"column":8},"end":{"line":722,"column":null}},"282":{"start":{"line":725,"column":6},"end":{"line":725,"column":null}},"283":{"start":{"line":733,"column":8},"end":{"line":744,"column":null}},"284":{"start":{"line":734,"column":4},"end":{"line":743,"column":null}},"285":{"start":{"line":735,"column":6},"end":{"line":742,"column":null}},"286":{"start":{"line":736,"column":8},"end":{"line":740,"column":null}},"287":{"start":{"line":737,"column":26},"end":{"line":737,"column":null}},"288":{"start":{"line":738,"column":10},"end":{"line":738,"column":null}},"289":{"start":{"line":739,"column":10},"end":{"line":739,"column":null}},"290":{"start":{"line":741,"column":8},"end":{"line":741,"column":null}},"291":{"start":{"line":749,"column":8},"end":{"line":764,"column":null}},"292":{"start":{"line":750,"column":4},"end":{"line":763,"column":null}},"293":{"start":{"line":751,"column":6},"end":{"line":762,"column":null}},"294":{"start":{"line":752,"column":8},"end":{"line":760,"column":null}},"295":{"start":{"line":753,"column":26},"end":{"line":757,"column":null}},"296":{"start":{"line":758,"column":10},"end":{"line":758,"column":null}},"297":{"start":{"line":759,"column":10},"end":{"line":759,"column":null}},"298":{"start":{"line":761,"column":8},"end":{"line":761,"column":null}},"299":{"start":{"line":769,"column":8},"end":{"line":807,"column":null}},"300":{"start":{"line":770,"column":21},"end":{"line":786,"column":null}},"301":{"start":{"line":771,"column":12},"end":{"line":771,"column":null}},"302":{"start":{"line":772,"column":6},"end":{"line":785,"column":null}},"303":{"start":{"line":788,"column":4},"end":{"line":788,"column":null}},"304":{"start":{"line":788,"column":15},"end":{"line":788,"column":57}},"305":{"start":{"line":791,"column":25},"end":{"line":800,"column":null}},"306":{"start":{"line":791,"column":46},"end":{"line":800,"column":6}},"307":{"start":{"line":801,"column":4},"end":{"line":801,"column":null}},"308":{"start":{"line":801,"column":23},"end":{"line":801,"column":80}},"309":{"start":{"line":803,"column":4},"end":{"line":803,"column":null}},"310":{"start":{"line":804,"column":4},"end":{"line":804,"column":null}},"311":{"start":{"line":806,"column":4},"end":{"line":806,"column":null}},"312":{"start":{"line":812,"column":8},"end":{"line":824,"column":null}},"313":{"start":{"line":813,"column":4},"end":{"line":823,"column":null}},"314":{"start":{"line":814,"column":6},"end":{"line":814,"column":null}},"315":{"start":{"line":815,"column":24},"end":{"line":815,"column":null}},"316":{"start":{"line":816,"column":6},"end":{"line":816,"column":null}},"317":{"start":{"line":817,"column":6},"end":{"line":817,"column":null}},"318":{"start":{"line":818,"column":6},"end":{"line":818,"column":null}},"319":{"start":{"line":819,"column":6},"end":{"line":819,"column":null}},"320":{"start":{"line":821,"column":6},"end":{"line":821,"column":null}},"321":{"start":{"line":822,"column":6},"end":{"line":822,"column":null}},"322":{"start":{"line":829,"column":8},"end":{"line":841,"column":null}},"323":{"start":{"line":830,"column":4},"end":{"line":840,"column":null}},"324":{"start":{"line":831,"column":21},"end":{"line":831,"column":null}},"325":{"start":{"line":833,"column":6},"end":{"line":835,"column":null}},"326":{"start":{"line":834,"column":8},"end":{"line":834,"column":null}},"327":{"start":{"line":834,"column":25},"end":{"line":834,"column":83}},"328":{"start":{"line":836,"column":6},"end":{"line":836,"column":null}},"329":{"start":{"line":838,"column":6},"end":{"line":838,"column":null}},"330":{"start":{"line":839,"column":6},"end":{"line":839,"column":null}},"331":{"start":{"line":846,"column":8},"end":{"line":854,"column":null}},"332":{"start":{"line":847,"column":4},"end":{"line":853,"column":null}},"333":{"start":{"line":847,"column":34},"end":{"line":853,"column":6}},"334":{"start":{"line":859,"column":8},"end":{"line":867,"column":null}},"335":{"start":{"line":860,"column":4},"end":{"line":866,"column":null}},"336":{"start":{"line":860,"column":34},"end":{"line":866,"column":6}},"337":{"start":{"line":872,"column":8},"end":{"line":895,"column":null}},"338":{"start":{"line":873,"column":4},"end":{"line":873,"column":null}},"339":{"start":{"line":874,"column":4},"end":{"line":883,"column":null}},"340":{"start":{"line":875,"column":22},"end":{"line":875,"column":null}},"341":{"start":{"line":876,"column":6},"end":{"line":882,"column":null}},"342":{"start":{"line":885,"column":4},"end":{"line":894,"column":null}},"343":{"start":{"line":885,"column":29},"end":{"line":894,"column":5}},"344":{"start":{"line":900,"column":8},"end":{"line":920,"column":null}},"345":{"start":{"line":901,"column":21},"end":{"line":908,"column":null}},"346":{"start":{"line":910,"column":4},"end":{"line":910,"column":null}},"347":{"start":{"line":910,"column":25},"end":{"line":910,"column":44}},"348":{"start":{"line":911,"column":4},"end":{"line":917,"column":null}},"349":{"start":{"line":911,"column":34},"end":{"line":917,"column":6}},"350":{"start":{"line":919,"column":4},"end":{"line":919,"column":null}},"351":{"start":{"line":929,"column":8},"end":{"line":931,"column":null}},"352":{"start":{"line":930,"column":4},"end":{"line":930,"column":null}},"353":{"start":{"line":936,"column":8},"end":{"line":938,"column":null}},"354":{"start":{"line":937,"column":4},"end":{"line":937,"column":null}},"355":{"start":{"line":943,"column":8},"end":{"line":949,"column":null}},"356":{"start":{"line":945,"column":20},"end":{"line":945,"column":null}},"357":{"start":{"line":945,"column":39},"end":{"line":945,"column":55}},"358":{"start":{"line":946,"column":6},"end":{"line":946,"column":null}},"359":{"start":{"line":954,"column":8},"end":{"line":971,"column":null}},"360":{"start":{"line":955,"column":4},"end":{"line":970,"column":null}},"361":{"start":{"line":956,"column":6},"end":{"line":956,"column":null}},"362":{"start":{"line":957,"column":6},"end":{"line":957,"column":null}},"363":{"start":{"line":958,"column":6},"end":{"line":958,"column":null}},"364":{"start":{"line":959,"column":6},"end":{"line":959,"column":null}},"365":{"start":{"line":960,"column":6},"end":{"line":960,"column":null}},"366":{"start":{"line":961,"column":6},"end":{"line":961,"column":null}},"367":{"start":{"line":964,"column":6},"end":{"line":964,"column":null}},"368":{"start":{"line":966,"column":6},"end":{"line":966,"column":null}},"369":{"start":{"line":968,"column":6},"end":{"line":968,"column":null}},"370":{"start":{"line":969,"column":6},"end":{"line":969,"column":null}},"371":{"start":{"line":980,"column":8},"end":{"line":996,"column":null}},"372":{"start":{"line":981,"column":4},"end":{"line":995,"column":null}},"373":{"start":{"line":982,"column":28},"end":{"line":982,"column":null}},"374":{"start":{"line":983,"column":6},"end":{"line":983,"column":null}},"375":{"start":{"line":983,"column":27},"end":{"line":983,"column":51}},"376":{"start":{"line":986,"column":6},"end":{"line":990,"column":null}},"377":{"start":{"line":987,"column":8},"end":{"line":989,"column":null}},"378":{"start":{"line":988,"column":10},"end":{"line":988,"column":null}},"379":{"start":{"line":992,"column":6},"end":{"line":992,"column":null}},"380":{"start":{"line":994,"column":6},"end":{"line":994,"column":null}},"381":{"start":{"line":1001,"column":8},"end":{"line":1020,"column":null}},"382":{"start":{"line":1002,"column":4},"end":{"line":1019,"column":null}},"383":{"start":{"line":1003,"column":6},"end":{"line":1018,"column":null}},"384":{"start":{"line":1004,"column":8},"end":{"line":1016,"column":null}},"385":{"start":{"line":1006,"column":10},"end":{"line":1013,"column":null}},"386":{"start":{"line":1006,"column":37},"end":{"line":1006,"column":null}},"387":{"start":{"line":1006,"column":94},"end":{"line":1013,"column":null}},"388":{"start":{"line":1007,"column":42},"end":{"line":1007,"column":null}},"389":{"start":{"line":1009,"column":12},"end":{"line":1013,"column":null}},"390":{"start":{"line":1015,"column":10},"end":{"line":1015,"column":null}},"391":{"start":{"line":1017,"column":8},"end":{"line":1017,"column":null}},"392":{"start":{"line":1026,"column":8},"end":{"line":1046,"column":null}},"393":{"start":{"line":1028,"column":17},"end":{"line":1028,"column":null}},"394":{"start":{"line":1030,"column":6},"end":{"line":1032,"column":null}},"395":{"start":{"line":1031,"column":8},"end":{"line":1031,"column":null}},"396":{"start":{"line":1031,"column":34},"end":{"line":1031,"column":60}},"397":{"start":{"line":1033,"column":6},"end":{"line":1035,"column":null}},"398":{"start":{"line":1034,"column":8},"end":{"line":1034,"column":null}},"399":{"start":{"line":1034,"column":34},"end":{"line":1034,"column":60}},"400":{"start":{"line":1037,"column":6},"end":{"line":1041,"column":null}},"401":{"start":{"line":1038,"column":8},"end":{"line":1038,"column":null}},"402":{"start":{"line":1040,"column":8},"end":{"line":1040,"column":null}},"403":{"start":{"line":1043,"column":6},"end":{"line":1043,"column":null}},"404":{"start":{"line":1052,"column":8},"end":{"line":1071,"column":null}},"405":{"start":{"line":1053,"column":18},"end":{"line":1053,"column":null}},"406":{"start":{"line":1054,"column":22},"end":{"line":1054,"column":null}},"407":{"start":{"line":1054,"column":43},"end":{"line":1054,"column":67}},"408":{"start":{"line":1055,"column":22},"end":{"line":1057,"column":null}},"409":{"start":{"line":1056,"column":6},"end":{"line":1056,"column":null}},"410":{"start":{"line":1058,"column":20},"end":{"line":1060,"column":null}},"411":{"start":{"line":1059,"column":6},"end":{"line":1059,"column":null}},"412":{"start":{"line":1061,"column":16},"end":{"line":1061,"column":null}},"413":{"start":{"line":1061,"column":37},"end":{"line":1061,"column":63}},"414":{"start":{"line":1063,"column":4},"end":{"line":1070,"column":null}},"415":{"start":{"line":1076,"column":8},"end":{"line":1112,"column":null}},"416":{"start":{"line":1078,"column":25},"end":{"line":1078,"column":null}},"417":{"start":{"line":1079,"column":29},"end":{"line":1083,"column":null}},"418":{"start":{"line":1081,"column":10},"end":{"line":1082,"column":null}},"419":{"start":{"line":1085,"column":25},"end":{"line":1085,"column":null}},"420":{"start":{"line":1085,"column":59},"end":{"line":1085,"column":94}},"421":{"start":{"line":1086,"column":28},"end":{"line":1086,"column":null}},"422":{"start":{"line":1088,"column":20},"end":{"line":1088,"column":null}},"423":{"start":{"line":1089,"column":6},"end":{"line":1090,"column":null}},"424":{"start":{"line":1089,"column":38},"end":{"line":1089,"column":null}},"425":{"start":{"line":1089,"column":48},"end":{"line":1090,"column":null}},"426":{"start":{"line":1090,"column":43},"end":{"line":1090,"column":null}},"427":{"start":{"line":1094,"column":8},"end":{"line":1096,"column":null}},"428":{"start":{"line":1095,"column":59},"end":{"line":1095,"column":94}},"429":{"start":{"line":1098,"column":6},"end":{"line":1100,"column":null}},"430":{"start":{"line":1099,"column":8},"end":{"line":1099,"column":null}},"431":{"start":{"line":1102,"column":6},"end":{"line":1109,"column":null}},"432":{"start":{"line":1121,"column":8},"end":{"line":1132,"column":null}},"433":{"start":{"line":1122,"column":4},"end":{"line":1131,"column":null}},"434":{"start":{"line":1123,"column":12},"end":{"line":1123,"column":null}},"435":{"start":{"line":1124,"column":6},"end":{"line":1124,"column":null}},"436":{"start":{"line":1125,"column":6},"end":{"line":1127,"column":null}},"437":{"start":{"line":1126,"column":8},"end":{"line":1126,"column":null}},"438":{"start":{"line":1128,"column":6},"end":{"line":1128,"column":null}},"439":{"start":{"line":1130,"column":6},"end":{"line":1130,"column":null}},"440":{"start":{"line":1134,"column":8},"end":{"line":1146,"column":null}},"441":{"start":{"line":1135,"column":4},"end":{"line":1145,"column":null}},"442":{"start":{"line":1136,"column":43},"end":{"line":1136,"column":null}},"443":{"start":{"line":1137,"column":27},"end":{"line":1137,"column":null}},"444":{"start":{"line":1138,"column":6},"end":{"line":1141,"column":null}},"445":{"start":{"line":1139,"column":8},"end":{"line":1139,"column":null}},"446":{"start":{"line":1140,"column":8},"end":{"line":1140,"column":null}},"447":{"start":{"line":1142,"column":6},"end":{"line":1142,"column":null}},"448":{"start":{"line":1144,"column":6},"end":{"line":1144,"column":null}},"449":{"start":{"line":1148,"column":8},"end":{"line":1154,"column":null}},"450":{"start":{"line":1150,"column":6},"end":{"line":1150,"column":null}},"451":{"start":{"line":1150,"column":32},"end":{"line":1150,"column":91}},"452":{"start":{"line":1151,"column":6},"end":{"line":1151,"column":null}},"453":{"start":{"line":1156,"column":8},"end":{"line":1170,"column":null}},"454":{"start":{"line":1157,"column":4},"end":{"line":1157,"column":null}},"455":{"start":{"line":1157,"column":35},"end":{"line":1157,"column":null}},"456":{"start":{"line":1158,"column":4},"end":{"line":1169,"column":null}},"457":{"start":{"line":1159,"column":22},"end":{"line":1161,"column":null}},"458":{"start":{"line":1160,"column":36},"end":{"line":1160,"column":73}},"459":{"start":{"line":1162,"column":21},"end":{"line":1162,"column":null}},"460":{"start":{"line":1162,"column":48},"end":{"line":1162,"column":70}},"461":{"start":{"line":1163,"column":6},"end":{"line":1163,"column":null}},"462":{"start":{"line":1164,"column":35},"end":{"line":1164,"column":null}},"463":{"start":{"line":1165,"column":6},"end":{"line":1165,"column":null}},"464":{"start":{"line":1166,"column":6},"end":{"line":1166,"column":null}},"465":{"start":{"line":1168,"column":6},"end":{"line":1168,"column":null}},"466":{"start":{"line":1172,"column":2},"end":{"line":1174,"column":null}},"467":{"start":{"line":1173,"column":4},"end":{"line":1173,"column":null}},"468":{"start":{"line":1179,"column":16},"end":{"line":1278,"column":null}},"469":{"start":{"line":1217,"column":30},"end":{"line":1217,"column":null}},"470":{"start":{"line":1218,"column":28},"end":{"line":1218,"column":null}},"471":{"start":{"line":1219,"column":15},"end":{"line":1219,"column":null}},"472":{"start":{"line":1220,"column":27},"end":{"line":1220,"column":null}},"473":{"start":{"line":1222,"column":18},"end":{"line":1222,"column":null}},"474":{"start":{"line":1222,"column":40},"end":{"line":1222,"column":55}},"475":{"start":{"line":1223,"column":6},"end":{"line":1223,"column":null}},"476":{"start":{"line":1225,"column":36},"end":{"line":1225,"column":null}},"477":{"start":{"line":1252,"column":32},"end":{"line":1252,"column":null}},"478":{"start":{"line":1253,"column":25},"end":{"line":1253,"column":null}},"479":{"start":{"line":1261,"column":30},"end":{"line":1261,"column":null}},"480":{"start":{"line":1261,"column":57},"end":{"line":1261,"column":93}},"481":{"start":{"line":1261,"column":76},"end":{"line":1261,"column":92}},"482":{"start":{"line":1271,"column":38},"end":{"line":1271,"column":null}},"483":{"start":{"line":1281,"column":2},"end":{"line":1283,"column":null}},"484":{"start":{"line":1282,"column":4},"end":{"line":1282,"column":null}},"485":{"start":{"line":1289,"column":2},"end":{"line":1289,"column":null}},"486":{"start":{"line":1292,"column":23},"end":{"line":1298,"column":null}},"487":{"start":{"line":1293,"column":8},"end":{"line":1293,"column":null}},"488":{"start":{"line":1294,"column":2},"end":{"line":1296,"column":null}},"489":{"start":{"line":1295,"column":4},"end":{"line":1295,"column":null}},"490":{"start":{"line":1297,"column":2},"end":{"line":1297,"column":null}}},"fnMap":{"0":{"name":"(anonymous_0)","decl":{"start":{"line":64,"column":28},"end":{"line":64,"column":29}},"loc":{"start":{"line":64,"column":46},"end":{"line":1290,"column":null}},"line":64},"1":{"name":"(anonymous_1)","decl":{"start":{"line":89,"column":12},"end":{"line":89,"column":18}},"loc":{"start":{"line":89,"column":18},"end":{"line":97,"column":5}},"line":89},"2":{"name":"(anonymous_2)","decl":{"start":{"line":91,"column":28},"end":{"line":91,"column":40}},"loc":{"start":{"line":91,"column":40},"end":{"line":96,"column":5}},"line":91},"3":{"name":"(anonymous_3)","decl":{"start":{"line":94,"column":35},"end":{"line":94,"column":36}},"loc":{"start":{"line":94,"column":42},"end":{"line":94,"column":48}},"line":94},"4":{"name":"(anonymous_4)","decl":{"start":{"line":100,"column":12},"end":{"line":100,"column":18}},"loc":{"start":{"line":100,"column":18},"end":{"line":128,"column":5}},"line":100},"5":{"name":"(anonymous_5)","decl":{"start":{"line":101,"column":49},"end":{"line":101,"column":50}},"loc":{"start":{"line":101,"column":69},"end":{"line":111,"column":5}},"line":101},"6":{"name":"(anonymous_6)","decl":{"start":{"line":103,"column":18},"end":{"line":103,"column":19}},"loc":{"start":{"line":103,"column":28},"end":{"line":107,"column":9}},"line":103},"7":{"name":"(anonymous_7)","decl":{"start":{"line":104,"column":41},"end":{"line":104,"column":42}},"loc":{"start":{"line":104,"column":49},"end":{"line":104,"column":90}},"line":104},"8":{"name":"(anonymous_8)","decl":{"start":{"line":105,"column":27},"end":{"line":105,"column":28}},"loc":{"start":{"line":105,"column":35},"end":{"line":105,"column":72}},"line":105},"9":{"name":"(anonymous_9)","decl":{"start":{"line":109,"column":27},"end":{"line":109,"column":28}},"loc":{"start":{"line":109,"column":38},"end":{"line":109,"column":75}},"line":109},"10":{"name":"(anonymous_10)","decl":{"start":{"line":115,"column":20},"end":{"line":115,"column":25}},"loc":{"start":{"line":115,"column":25},"end":{"line":115,"column":34}},"line":115},"11":{"name":"(anonymous_11)","decl":{"start":{"line":115,"column":44},"end":{"line":115,"column":45}},"loc":{"start":{"line":115,"column":51},"end":{"line":115,"column":92}},"line":115},"12":{"name":"(anonymous_12)","decl":{"start":{"line":118,"column":37},"end":{"line":118,"column":43}},"loc":{"start":{"line":118,"column":43},"end":{"line":122,"column":7}},"line":118},"13":{"name":"(anonymous_13)","decl":{"start":{"line":120,"column":38},"end":{"line":120,"column":39}},"loc":{"start":{"line":120,"column":47},"end":{"line":120,"column":87}},"line":120},"14":{"name":"(anonymous_14)","decl":{"start":{"line":124,"column":11},"end":{"line":124,"column":17}},"loc":{"start":{"line":124,"column":17},"end":{"line":127,"column":null}},"line":124},"15":{"name":"(anonymous_15)","decl":{"start":{"line":131,"column":37},"end":{"line":131,"column":38}},"loc":{"start":{"line":131,"column":47},"end":{"line":134,"column":5}},"line":131},"16":{"name":"(anonymous_16)","decl":{"start":{"line":143,"column":12},"end":{"line":143,"column":18}},"loc":{"start":{"line":143,"column":18},"end":{"line":316,"column":5}},"line":143},"17":{"name":"(anonymous_17)","decl":{"start":{"line":144,"column":27},"end":{"line":144,"column":39}},"loc":{"start":{"line":144,"column":39},"end":{"line":307,"column":null}},"line":144},"18":{"name":"(anonymous_18)","decl":{"start":{"line":164,"column":19},"end":{"line":164,"column":20}},"loc":{"start":{"line":164,"column":30},"end":{"line":172,"column":16}},"line":164},"19":{"name":"(anonymous_19)","decl":{"start":{"line":257,"column":46},"end":{"line":257,"column":47}},"loc":{"start":{"line":257,"column":53},"end":{"line":257,"column":80}},"line":257},"20":{"name":"(anonymous_20)","decl":{"start":{"line":261,"column":47},"end":{"line":261,"column":48}},"loc":{"start":{"line":261,"column":54},"end":{"line":261,"column":80}},"line":261},"21":{"name":"(anonymous_21)","decl":{"start":{"line":264,"column":49},"end":{"line":264,"column":50}},"loc":{"start":{"line":264,"column":56},"end":{"line":264,"column":81}},"line":264},"22":{"name":"(anonymous_22)","decl":{"start":{"line":269,"column":28},"end":{"line":269,"column":29}},"loc":{"start":{"line":269,"column":35},"end":{"line":269,"column":46}},"line":269},"23":{"name":"(anonymous_23)","decl":{"start":{"line":269,"column":56},"end":{"line":269,"column":57}},"loc":{"start":{"line":269,"column":67},"end":{"line":275,"column":11}},"line":269},"24":{"name":"(anonymous_24)","decl":{"start":{"line":279,"column":48},"end":{"line":279,"column":49}},"loc":{"start":{"line":279,"column":55},"end":{"line":279,"column":74}},"line":279},"25":{"name":"(anonymous_25)","decl":{"start":{"line":285,"column":28},"end":{"line":285,"column":29}},"loc":{"start":{"line":285,"column":35},"end":{"line":285,"column":46}},"line":285},"26":{"name":"(anonymous_26)","decl":{"start":{"line":285,"column":56},"end":{"line":285,"column":57}},"loc":{"start":{"line":285,"column":65},"end":{"line":294,"column":11}},"line":285},"27":{"name":"(anonymous_27)","decl":{"start":{"line":311,"column":26},"end":{"line":311,"column":27}},"loc":{"start":{"line":311,"column":36},"end":{"line":315,"column":5}},"line":311},"28":{"name":"(anonymous_28)","decl":{"start":{"line":319,"column":12},"end":{"line":319,"column":18}},"loc":{"start":{"line":319,"column":18},"end":{"line":323,"column":5}},"line":319},"29":{"name":"(anonymous_29)","decl":{"start":{"line":325,"column":12},"end":{"line":325,"column":18}},"loc":{"start":{"line":325,"column":18},"end":{"line":329,"column":5}},"line":325},"30":{"name":"(anonymous_30)","decl":{"start":{"line":331,"column":12},"end":{"line":331,"column":18}},"loc":{"start":{"line":331,"column":18},"end":{"line":335,"column":5}},"line":331},"31":{"name":"(anonymous_31)","decl":{"start":{"line":337,"column":12},"end":{"line":337,"column":18}},"loc":{"start":{"line":337,"column":18},"end":{"line":341,"column":5}},"line":337},"32":{"name":"(anonymous_32)","decl":{"start":{"line":343,"column":12},"end":{"line":343,"column":18}},"loc":{"start":{"line":343,"column":18},"end":{"line":349,"column":5}},"line":343},"33":{"name":"(anonymous_33)","decl":{"start":{"line":354,"column":12},"end":{"line":354,"column":18}},"loc":{"start":{"line":354,"column":18},"end":{"line":387,"column":5}},"line":354},"34":{"name":"(anonymous_34)","decl":{"start":{"line":355,"column":33},"end":{"line":355,"column":39}},"loc":{"start":{"line":355,"column":39},"end":{"line":385,"column":7}},"line":355},"35":{"name":"(anonymous_35)","decl":{"start":{"line":356,"column":16},"end":{"line":356,"column":17}},"loc":{"start":{"line":357,"column":8},"end":{"line":383,"column":null}},"line":357},"36":{"name":"(anonymous_36)","decl":{"start":{"line":357,"column":17},"end":{"line":357,"column":18}},"loc":{"start":{"line":357,"column":28},"end":{"line":383,"column":9}},"line":357},"37":{"name":"(anonymous_37)","decl":{"start":{"line":386,"column":11},"end":{"line":386,"column":17}},"loc":{"start":{"line":386,"column":17},"end":{"line":386,"column":null}},"line":386},"38":{"name":"(anonymous_38)","decl":{"start":{"line":393,"column":42},"end":{"line":393,"column":43}},"loc":{"start":{"line":393,"column":68},"end":{"line":402,"column":5}},"line":393},"39":{"name":"(anonymous_39)","decl":{"start":{"line":394,"column":23},"end":{"line":394,"column":24}},"loc":{"start":{"line":394,"column":34},"end":{"line":401,"column":6}},"line":394},"40":{"name":"(anonymous_40)","decl":{"start":{"line":412,"column":4},"end":{"line":412,"column":5}},"loc":{"start":{"line":412,"column":24},"end":{"line":415,"column":null}},"line":412},"41":{"name":"(anonymous_41)","decl":{"start":{"line":420,"column":12},"end":{"line":420,"column":18}},"loc":{"start":{"line":420,"column":18},"end":{"line":428,"column":5}},"line":420},"42":{"name":"(anonymous_42)","decl":{"start":{"line":422,"column":18},"end":{"line":422,"column":23}},"loc":{"start":{"line":422,"column":23},"end":{"line":422,"column":39}},"line":422},"43":{"name":"(anonymous_43)","decl":{"start":{"line":422,"column":49},"end":{"line":422,"column":50}},"loc":{"start":{"line":422,"column":56},"end":{"line":426,"column":5}},"line":422},"44":{"name":"(anonymous_44)","decl":{"start":{"line":437,"column":31},"end":{"line":437,"column":32}},"loc":{"start":{"line":437,"column":46},"end":{"line":620,"column":5}},"line":437},"45":{"name":"(anonymous_45)","decl":{"start":{"line":484,"column":14},"end":{"line":484,"column":15}},"loc":{"start":{"line":484,"column":24},"end":{"line":487,"column":5}},"line":484},"46":{"name":"(anonymous_46)","decl":{"start":{"line":488,"column":21},"end":{"line":488,"column":22}},"loc":{"start":{"line":488,"column":29},"end":{"line":488,"column":66}},"line":488},"47":{"name":"(anonymous_47)","decl":{"start":{"line":533,"column":23},"end":{"line":533,"column":24}},"loc":{"start":{"line":533,"column":34},"end":{"line":536,"column":8}},"line":533},"48":{"name":"(anonymous_48)","decl":{"start":{"line":563,"column":35},"end":{"line":563,"column":36}},"loc":{"start":{"line":563,"column":42},"end":{"line":563,"column":64}},"line":563},"49":{"name":"(anonymous_49)","decl":{"start":{"line":578,"column":23},"end":{"line":578,"column":24}},"loc":{"start":{"line":578,"column":33},"end":{"line":578,"column":52}},"line":578},"50":{"name":"(anonymous_50)","decl":{"start":{"line":581,"column":14},"end":{"line":581,"column":15}},"loc":{"start":{"line":581,"column":15},"end":{"line":581,"column":59}},"line":581},"51":{"name":"(anonymous_51)","decl":{"start":{"line":585,"column":25},"end":{"line":585,"column":26}},"loc":{"start":{"line":585,"column":36},"end":{"line":591,"column":8}},"line":585},"52":{"name":"(anonymous_52)","decl":{"start":{"line":605,"column":22},"end":{"line":605,"column":23}},"loc":{"start":{"line":605,"column":23},"end":{"line":605,"column":73}},"line":605},"53":{"name":"(anonymous_53)","decl":{"start":{"line":625,"column":40},"end":{"line":625,"column":47}},"loc":{"start":{"line":625,"column":85},"end":{"line":702,"column":5}},"line":625},"54":{"name":"(anonymous_54)","decl":{"start":{"line":628,"column":39},"end":{"line":628,"column":40}},"loc":{"start":{"line":628,"column":46},"end":{"line":628,"column":62}},"line":628},"55":{"name":"(anonymous_55)","decl":{"start":{"line":645,"column":16},"end":{"line":645,"column":17}},"loc":{"start":{"line":645,"column":26},"end":{"line":645,"column":80}},"line":645},"56":{"name":"(anonymous_56)","decl":{"start":{"line":645,"column":35},"end":{"line":645,"column":36}},"loc":{"start":{"line":645,"column":43},"end":{"line":645,"column":79}},"line":645},"57":{"name":"(anonymous_57)","decl":{"start":{"line":646,"column":23},"end":{"line":646,"column":24}},"loc":{"start":{"line":646,"column":31},"end":{"line":646,"column":68}},"line":646},"58":{"name":"(anonymous_58)","decl":{"start":{"line":653,"column":27},"end":{"line":653,"column":28}},"loc":{"start":{"line":653,"column":35},"end":{"line":660,"column":10}},"line":653},"59":{"name":"(anonymous_59)","decl":{"start":{"line":662,"column":27},"end":{"line":662,"column":28}},"loc":{"start":{"line":662,"column":35},"end":{"line":668,"column":10}},"line":662},"60":{"name":"(anonymous_60)","decl":{"start":{"line":707,"column":4},"end":{"line":707,"column":11}},"loc":{"start":{"line":707,"column":50},"end":{"line":726,"column":null}},"line":707},"61":{"name":"(anonymous_61)","decl":{"start":{"line":708,"column":43},"end":{"line":708,"column":44}},"loc":{"start":{"line":708,"column":50},"end":{"line":708,"column":73}},"line":708},"62":{"name":"(anonymous_62)","decl":{"start":{"line":712,"column":18},"end":{"line":712,"column":19}},"loc":{"start":{"line":712,"column":28},"end":{"line":719,"column":9}},"line":712},"63":{"name":"(anonymous_63)","decl":{"start":{"line":713,"column":52},"end":{"line":713,"column":53}},"loc":{"start":{"line":713,"column":59},"end":{"line":713,"column":63}},"line":713},"64":{"name":"(anonymous_64)","decl":{"start":{"line":714,"column":26},"end":{"line":714,"column":27}},"loc":{"start":{"line":715,"column":12},"end":{"line":717,"column":null}},"line":715},"65":{"name":"(anonymous_65)","decl":{"start":{"line":716,"column":40},"end":{"line":716,"column":41}},"loc":{"start":{"line":716,"column":47},"end":{"line":716,"column":64}},"line":716},"66":{"name":"(anonymous_66)","decl":{"start":{"line":733,"column":34},"end":{"line":733,"column":35}},"loc":{"start":{"line":733,"column":56},"end":{"line":744,"column":5}},"line":733},"67":{"name":"(anonymous_67)","decl":{"start":{"line":734,"column":14},"end":{"line":734,"column":15}},"loc":{"start":{"line":735,"column":6},"end":{"line":742,"column":null}},"line":735},"68":{"name":"(anonymous_68)","decl":{"start":{"line":735,"column":15},"end":{"line":735,"column":16}},"loc":{"start":{"line":735,"column":26},"end":{"line":742,"column":7}},"line":735},"69":{"name":"(anonymous_69)","decl":{"start":{"line":749,"column":36},"end":{"line":749,"column":37}},"loc":{"start":{"line":749,"column":73},"end":{"line":764,"column":5}},"line":749},"70":{"name":"(anonymous_70)","decl":{"start":{"line":750,"column":14},"end":{"line":750,"column":15}},"loc":{"start":{"line":751,"column":6},"end":{"line":762,"column":null}},"line":751},"71":{"name":"(anonymous_71)","decl":{"start":{"line":751,"column":15},"end":{"line":751,"column":16}},"loc":{"start":{"line":751,"column":26},"end":{"line":762,"column":7}},"line":751},"72":{"name":"(anonymous_72)","decl":{"start":{"line":769,"column":35},"end":{"line":769,"column":36}},"loc":{"start":{"line":769,"column":58},"end":{"line":807,"column":5}},"line":769},"73":{"name":"(anonymous_73)","decl":{"start":{"line":770,"column":35},"end":{"line":770,"column":36}},"loc":{"start":{"line":770,"column":44},"end":{"line":786,"column":5}},"line":770},"74":{"name":"(anonymous_74)","decl":{"start":{"line":788,"column":14},"end":{"line":788,"column":15}},"loc":{"start":{"line":788,"column":15},"end":{"line":788,"column":57}},"line":788},"75":{"name":"(anonymous_75)","decl":{"start":{"line":791,"column":38},"end":{"line":791,"column":39}},"loc":{"start":{"line":791,"column":46},"end":{"line":800,"column":6}},"line":791},"76":{"name":"(anonymous_76)","decl":{"start":{"line":801,"column":22},"end":{"line":801,"column":23}},"loc":{"start":{"line":801,"column":23},"end":{"line":801,"column":80}},"line":801},"77":{"name":"(anonymous_77)","decl":{"start":{"line":812,"column":36},"end":{"line":812,"column":48}},"loc":{"start":{"line":812,"column":48},"end":{"line":824,"column":5}},"line":812},"78":{"name":"(anonymous_78)","decl":{"start":{"line":829,"column":38},"end":{"line":829,"column":45}},"loc":{"start":{"line":829,"column":55},"end":{"line":841,"column":5}},"line":829},"79":{"name":"(anonymous_79)","decl":{"start":{"line":833,"column":16},"end":{"line":833,"column":17}},"loc":{"start":{"line":834,"column":8},"end":{"line":834,"column":null}},"line":834},"80":{"name":"(anonymous_80)","decl":{"start":{"line":834,"column":17},"end":{"line":834,"column":18}},"loc":{"start":{"line":834,"column":25},"end":{"line":834,"column":83}},"line":834},"81":{"name":"(anonymous_81)","decl":{"start":{"line":846,"column":34},"end":{"line":846,"column":35}},"loc":{"start":{"line":846,"column":57},"end":{"line":854,"column":5}},"line":846},"82":{"name":"(anonymous_82)","decl":{"start":{"line":847,"column":23},"end":{"line":847,"column":24}},"loc":{"start":{"line":847,"column":34},"end":{"line":853,"column":6}},"line":847},"83":{"name":"(anonymous_83)","decl":{"start":{"line":859,"column":39},"end":{"line":859,"column":40}},"loc":{"start":{"line":859,"column":60},"end":{"line":867,"column":5}},"line":859},"84":{"name":"(anonymous_84)","decl":{"start":{"line":860,"column":23},"end":{"line":860,"column":24}},"loc":{"start":{"line":860,"column":34},"end":{"line":866,"column":6}},"line":860},"85":{"name":"(anonymous_85)","decl":{"start":{"line":872,"column":36},"end":{"line":872,"column":37}},"loc":{"start":{"line":872,"column":66},"end":{"line":895,"column":5}},"line":872},"86":{"name":"(anonymous_86)","decl":{"start":{"line":874,"column":23},"end":{"line":874,"column":24}},"loc":{"start":{"line":874,"column":33},"end":{"line":883,"column":5}},"line":874},"87":{"name":"(anonymous_87)","decl":{"start":{"line":885,"column":19},"end":{"line":885,"column":20}},"loc":{"start":{"line":885,"column":29},"end":{"line":894,"column":5}},"line":885},"88":{"name":"(anonymous_88)","decl":{"start":{"line":900,"column":35},"end":{"line":900,"column":36}},"loc":{"start":{"line":900,"column":64},"end":{"line":920,"column":5}},"line":900},"89":{"name":"(anonymous_89)","decl":{"start":{"line":910,"column":15},"end":{"line":910,"column":16}},"loc":{"start":{"line":910,"column":25},"end":{"line":910,"column":44}},"line":910},"90":{"name":"(anonymous_90)","decl":{"start":{"line":911,"column":23},"end":{"line":911,"column":24}},"loc":{"start":{"line":911,"column":34},"end":{"line":917,"column":6}},"line":911},"91":{"name":"(anonymous_91)","decl":{"start":{"line":929,"column":38},"end":{"line":929,"column":39}},"loc":{"start":{"line":929,"column":52},"end":{"line":931,"column":5}},"line":929},"92":{"name":"(anonymous_92)","decl":{"start":{"line":936,"column":47},"end":{"line":936,"column":48}},"loc":{"start":{"line":936,"column":80},"end":{"line":938,"column":5}},"line":936},"93":{"name":"(anonymous_93)","decl":{"start":{"line":944,"column":4},"end":{"line":944,"column":5}},"loc":{"start":{"line":944,"column":17},"end":{"line":947,"column":null}},"line":944},"94":{"name":"(anonymous_94)","decl":{"start":{"line":945,"column":32},"end":{"line":945,"column":33}},"loc":{"start":{"line":945,"column":39},"end":{"line":945,"column":55}},"line":945},"95":{"name":"(anonymous_95)","decl":{"start":{"line":954,"column":42},"end":{"line":954,"column":54}},"loc":{"start":{"line":954,"column":54},"end":{"line":971,"column":5}},"line":954},"96":{"name":"(anonymous_96)","decl":{"start":{"line":980,"column":37},"end":{"line":980,"column":38}},"loc":{"start":{"line":980,"column":65},"end":{"line":996,"column":5}},"line":980},"97":{"name":"(anonymous_97)","decl":{"start":{"line":983,"column":17},"end":{"line":983,"column":18}},"loc":{"start":{"line":983,"column":27},"end":{"line":983,"column":51}},"line":983},"98":{"name":"(anonymous_98)","decl":{"start":{"line":986,"column":16},"end":{"line":986,"column":17}},"loc":{"start":{"line":987,"column":8},"end":{"line":989,"column":null}},"line":987},"99":{"name":"(anonymous_99)","decl":{"start":{"line":987,"column":17},"end":{"line":987,"column":18}},"loc":{"start":{"line":988,"column":10},"end":{"line":988,"column":null}},"line":988},"100":{"name":"(anonymous_100)","decl":{"start":{"line":1001,"column":41},"end":{"line":1001,"column":42}},"loc":{"start":{"line":1001,"column":69},"end":{"line":1020,"column":5}},"line":1001},"101":{"name":"(anonymous_101)","decl":{"start":{"line":1002,"column":15},"end":{"line":1002,"column":16}},"loc":{"start":{"line":1003,"column":6},"end":{"line":1018,"column":null}},"line":1003},"102":{"name":"(anonymous_102)","decl":{"start":{"line":1003,"column":15},"end":{"line":1003,"column":16}},"loc":{"start":{"line":1003,"column":24},"end":{"line":1018,"column":7}},"line":1003},"103":{"name":"(anonymous_103)","decl":{"start":{"line":1027,"column":4},"end":{"line":1027,"column":5}},"loc":{"start":{"line":1027,"column":37},"end":{"line":1044,"column":null}},"line":1027},"104":{"name":"(anonymous_104)","decl":{"start":{"line":1031,"column":27},"end":{"line":1031,"column":28}},"loc":{"start":{"line":1031,"column":34},"end":{"line":1031,"column":60}},"line":1031},"105":{"name":"(anonymous_105)","decl":{"start":{"line":1034,"column":27},"end":{"line":1034,"column":28}},"loc":{"start":{"line":1034,"column":34},"end":{"line":1034,"column":60}},"line":1034},"106":{"name":"(anonymous_106)","decl":{"start":{"line":1052,"column":36},"end":{"line":1052,"column":42}},"loc":{"start":{"line":1052,"column":42},"end":{"line":1071,"column":5}},"line":1052},"107":{"name":"(anonymous_107)","decl":{"start":{"line":1054,"column":36},"end":{"line":1054,"column":37}},"loc":{"start":{"line":1054,"column":43},"end":{"line":1054,"column":67}},"line":1054},"108":{"name":"(anonymous_108)","decl":{"start":{"line":1055,"column":36},"end":{"line":1055,"column":37}},"loc":{"start":{"line":1056,"column":6},"end":{"line":1056,"column":null}},"line":1056},"109":{"name":"(anonymous_109)","decl":{"start":{"line":1058,"column":34},"end":{"line":1058,"column":35}},"loc":{"start":{"line":1059,"column":6},"end":{"line":1059,"column":null}},"line":1059},"110":{"name":"(anonymous_110)","decl":{"start":{"line":1061,"column":30},"end":{"line":1061,"column":31}},"loc":{"start":{"line":1061,"column":37},"end":{"line":1061,"column":63}},"line":1061},"111":{"name":"(anonymous_111)","decl":{"start":{"line":1077,"column":4},"end":{"line":1077,"column":5}},"loc":{"start":{"line":1077,"column":15},"end":{"line":1110,"column":null}},"line":1077},"112":{"name":"(anonymous_112)","decl":{"start":{"line":1080,"column":8},"end":{"line":1080,"column":9}},"loc":{"start":{"line":1081,"column":10},"end":{"line":1082,"column":null}},"line":1081},"113":{"name":"(anonymous_113)","decl":{"start":{"line":1085,"column":47},"end":{"line":1085,"column":48}},"loc":{"start":{"line":1085,"column":59},"end":{"line":1085,"column":94}},"line":1085},"114":{"name":"(anonymous_114)","decl":{"start":{"line":1095,"column":52},"end":{"line":1095,"column":53}},"loc":{"start":{"line":1095,"column":59},"end":{"line":1095,"column":94}},"line":1095},"115":{"name":"(anonymous_115)","decl":{"start":{"line":1121,"column":50},"end":{"line":1121,"column":62}},"loc":{"start":{"line":1121,"column":62},"end":{"line":1132,"column":5}},"line":1121},"116":{"name":"(anonymous_116)","decl":{"start":{"line":1134,"column":46},"end":{"line":1134,"column":58}},"loc":{"start":{"line":1134,"column":58},"end":{"line":1146,"column":5}},"line":1134},"117":{"name":"(anonymous_117)","decl":{"start":{"line":1149,"column":4},"end":{"line":1149,"column":5}},"loc":{"start":{"line":1149,"column":15},"end":{"line":1152,"column":null}},"line":1149},"118":{"name":"(anonymous_118)","decl":{"start":{"line":1150,"column":22},"end":{"line":1150,"column":23}},"loc":{"start":{"line":1150,"column":32},"end":{"line":1150,"column":91}},"line":1150},"119":{"name":"(anonymous_119)","decl":{"start":{"line":1156,"column":40},"end":{"line":1156,"column":52}},"loc":{"start":{"line":1156,"column":52},"end":{"line":1170,"column":5}},"line":1156},"120":{"name":"(anonymous_120)","decl":{"start":{"line":1160,"column":25},"end":{"line":1160,"column":26}},"loc":{"start":{"line":1160,"column":36},"end":{"line":1160,"column":73}},"line":1160},"121":{"name":"(anonymous_121)","decl":{"start":{"line":1162,"column":36},"end":{"line":1162,"column":37}},"loc":{"start":{"line":1162,"column":48},"end":{"line":1162,"column":70}},"line":1162},"122":{"name":"(anonymous_122)","decl":{"start":{"line":1172,"column":12},"end":{"line":1172,"column":18}},"loc":{"start":{"line":1172,"column":18},"end":{"line":1174,"column":5}},"line":1172},"123":{"name":"(anonymous_123)","decl":{"start":{"line":1217,"column":23},"end":{"line":1217,"column":24}},"loc":{"start":{"line":1217,"column":30},"end":{"line":1217,"column":null}},"line":1217},"124":{"name":"(anonymous_124)","decl":{"start":{"line":1218,"column":22},"end":{"line":1218,"column":23}},"loc":{"start":{"line":1218,"column":28},"end":{"line":1218,"column":null}},"line":1218},"125":{"name":"(anonymous_125)","decl":{"start":{"line":1219,"column":14},"end":{"line":1219,"column":15}},"loc":{"start":{"line":1219,"column":15},"end":{"line":1219,"column":null}},"line":1219},"126":{"name":"(anonymous_126)","decl":{"start":{"line":1220,"column":26},"end":{"line":1220,"column":27}},"loc":{"start":{"line":1220,"column":27},"end":{"line":1220,"column":null}},"line":1220},"127":{"name":"(anonymous_127)","decl":{"start":{"line":1221,"column":25},"end":{"line":1221,"column":26}},"loc":{"start":{"line":1221,"column":43},"end":{"line":1224,"column":null}},"line":1221},"128":{"name":"(anonymous_128)","decl":{"start":{"line":1222,"column":33},"end":{"line":1222,"column":34}},"loc":{"start":{"line":1222,"column":40},"end":{"line":1222,"column":55}},"line":1222},"129":{"name":"(anonymous_129)","decl":{"start":{"line":1225,"column":25},"end":{"line":1225,"column":26}},"loc":{"start":{"line":1225,"column":36},"end":{"line":1225,"column":null}},"line":1225},"130":{"name":"(anonymous_130)","decl":{"start":{"line":1252,"column":21},"end":{"line":1252,"column":22}},"loc":{"start":{"line":1252,"column":32},"end":{"line":1252,"column":null}},"line":1252},"131":{"name":"(anonymous_131)","decl":{"start":{"line":1253,"column":17},"end":{"line":1253,"column":18}},"loc":{"start":{"line":1253,"column":25},"end":{"line":1253,"column":null}},"line":1253},"132":{"name":"(anonymous_132)","decl":{"start":{"line":1261,"column":17},"end":{"line":1261,"column":18}},"loc":{"start":{"line":1261,"column":30},"end":{"line":1261,"column":null}},"line":1261},"133":{"name":"(anonymous_133)","decl":{"start":{"line":1261,"column":47},"end":{"line":1261,"column":48}},"loc":{"start":{"line":1261,"column":57},"end":{"line":1261,"column":93}},"line":1261},"134":{"name":"(anonymous_134)","decl":{"start":{"line":1261,"column":69},"end":{"line":1261,"column":70}},"loc":{"start":{"line":1261,"column":76},"end":{"line":1261,"column":92}},"line":1261},"135":{"name":"(anonymous_135)","decl":{"start":{"line":1271,"column":24},"end":{"line":1271,"column":25}},"loc":{"start":{"line":1271,"column":38},"end":{"line":1271,"column":null}},"line":1271},"136":{"name":"(anonymous_136)","decl":{"start":{"line":1281,"column":12},"end":{"line":1281,"column":18}},"loc":{"start":{"line":1281,"column":18},"end":{"line":1283,"column":5}},"line":1281},"137":{"name":"(anonymous_137)","decl":{"start":{"line":1292,"column":23},"end":{"line":1292,"column":29}},"loc":{"start":{"line":1292,"column":29},"end":{"line":1298,"column":null}},"line":1292}},"branchMap":{"0":{"loc":{"start":{"line":93,"column":6},"end":{"line":95,"column":null}},"type":"if","locations":[{"start":{"line":93,"column":6},"end":{"line":95,"column":null}},{"start":{},"end":{}}],"line":93},"1":{"loc":{"start":{"line":93,"column":10},"end":{"line":93,"column":58}},"type":"binary-expr","locations":[{"start":{"line":93,"column":10},"end":{"line":93,"column":37}},{"start":{"line":93,"column":37},"end":{"line":93,"column":58}}],"line":93},"2":{"loc":{"start":{"line":102,"column":6},"end":{"line":110,"column":null}},"type":"if","locations":[{"start":{"line":102,"column":6},"end":{"line":110,"column":null}},{"start":{"line":108,"column":6},"end":{"line":110,"column":null}}],"line":102},"3":{"loc":{"start":{"line":104,"column":49},"end":{"line":104,"column":90}},"type":"cond-expr","locations":[{"start":{"line":104,"column":68},"end":{"line":104,"column":88}},{"start":{"line":104,"column":88},"end":{"line":104,"column":90}}],"line":104},"4":{"loc":{"start":{"line":108,"column":6},"end":{"line":110,"column":null}},"type":"if","locations":[{"start":{"line":108,"column":6},"end":{"line":110,"column":null}},{"start":{},"end":{}}],"line":108},"5":{"loc":{"start":{"line":114,"column":4},"end":{"line":116,"column":null}},"type":"if","locations":[{"start":{"line":114,"column":4},"end":{"line":116,"column":null}},{"start":{},"end":{}}],"line":114},"6":{"loc":{"start":{"line":115,"column":25},"end":{"line":115,"column":34}},"type":"binary-expr","locations":[{"start":{"line":115,"column":25},"end":{"line":115,"column":30}},{"start":{"line":115,"column":30},"end":{"line":115,"column":34}}],"line":115},"7":{"loc":{"start":{"line":119,"column":6},"end":{"line":121,"column":null}},"type":"if","locations":[{"start":{"line":119,"column":6},"end":{"line":121,"column":null}},{"start":{},"end":{}}],"line":119},"8":{"loc":{"start":{"line":156,"column":8},"end":{"line":202,"column":null}},"type":"if","locations":[{"start":{"line":156,"column":8},"end":{"line":202,"column":null}},{"start":{"line":159,"column":15},"end":{"line":202,"column":null}}],"line":156},"9":{"loc":{"start":{"line":156,"column":12},"end":{"line":156,"column":53}},"type":"binary-expr","locations":[{"start":{"line":156,"column":12},"end":{"line":156,"column":28}},{"start":{"line":156,"column":28},"end":{"line":156,"column":53}}],"line":156},"10":{"loc":{"start":{"line":204,"column":8},"end":{"line":206,"column":null}},"type":"if","locations":[{"start":{"line":204,"column":8},"end":{"line":206,"column":null}},{"start":{},"end":{}}],"line":204},"11":{"loc":{"start":{"line":204,"column":12},"end":{"line":204,"column":59}},"type":"binary-expr","locations":[{"start":{"line":204,"column":12},"end":{"line":204,"column":31}},{"start":{"line":204,"column":31},"end":{"line":204,"column":59}}],"line":204},"12":{"loc":{"start":{"line":208,"column":8},"end":{"line":250,"column":null}},"type":"if","locations":[{"start":{"line":208,"column":8},"end":{"line":250,"column":null}},{"start":{"line":210,"column":15},"end":{"line":250,"column":null}}],"line":208},"13":{"loc":{"start":{"line":208,"column":12},"end":{"line":208,"column":59}},"type":"binary-expr","locations":[{"start":{"line":208,"column":12},"end":{"line":208,"column":31}},{"start":{"line":208,"column":31},"end":{"line":208,"column":59}}],"line":208},"14":{"loc":{"start":{"line":252,"column":8},"end":{"line":255,"column":null}},"type":"if","locations":[{"start":{"line":252,"column":8},"end":{"line":255,"column":null}},{"start":{},"end":{}}],"line":252},"15":{"loc":{"start":{"line":252,"column":12},"end":{"line":252,"column":63}},"type":"binary-expr","locations":[{"start":{"line":252,"column":12},"end":{"line":252,"column":33}},{"start":{"line":252,"column":33},"end":{"line":252,"column":63}}],"line":252},"16":{"loc":{"start":{"line":258,"column":8},"end":{"line":260,"column":null}},"type":"if","locations":[{"start":{"line":258,"column":8},"end":{"line":260,"column":null}},{"start":{},"end":{}}],"line":258},"17":{"loc":{"start":{"line":262,"column":8},"end":{"line":262,"column":null}},"type":"if","locations":[{"start":{"line":262,"column":8},"end":{"line":262,"column":null}},{"start":{},"end":{}}],"line":262},"18":{"loc":{"start":{"line":265,"column":8},"end":{"line":277,"column":null}},"type":"if","locations":[{"start":{"line":265,"column":8},"end":{"line":277,"column":null}},{"start":{"line":266,"column":13},"end":{"line":277,"column":null}}],"line":265},"19":{"loc":{"start":{"line":271,"column":23},"end":{"line":271,"column":null}},"type":"binary-expr","locations":[{"start":{"line":271,"column":23},"end":{"line":271,"column":45}},{"start":{"line":271,"column":45},"end":{"line":271,"column":null}}],"line":271},"20":{"loc":{"start":{"line":273,"column":24},"end":{"line":273,"column":null}},"type":"binary-expr","locations":[{"start":{"line":273,"column":24},"end":{"line":273,"column":49}},{"start":{"line":273,"column":49},"end":{"line":273,"column":null}}],"line":273},"21":{"loc":{"start":{"line":280,"column":8},"end":{"line":296,"column":null}},"type":"if","locations":[{"start":{"line":280,"column":8},"end":{"line":296,"column":null}},{"start":{"line":282,"column":15},"end":{"line":296,"column":null}}],"line":280},"22":{"loc":{"start":{"line":312,"column":6},"end":{"line":314,"column":null}},"type":"if","locations":[{"start":{"line":312,"column":6},"end":{"line":314,"column":null}},{"start":{},"end":{}}],"line":312},"23":{"loc":{"start":{"line":312,"column":10},"end":{"line":312,"column":35}},"type":"binary-expr","locations":[{"start":{"line":312,"column":10},"end":{"line":312,"column":18}},{"start":{"line":312,"column":18},"end":{"line":312,"column":35}}],"line":312},"24":{"loc":{"start":{"line":320,"column":4},"end":{"line":322,"column":null}},"type":"if","locations":[{"start":{"line":320,"column":4},"end":{"line":322,"column":null}},{"start":{},"end":{}}],"line":320},"25":{"loc":{"start":{"line":320,"column":8},"end":{"line":320,"column":39}},"type":"binary-expr","locations":[{"start":{"line":320,"column":8},"end":{"line":320,"column":20}},{"start":{"line":320,"column":20},"end":{"line":320,"column":39}}],"line":320},"26":{"loc":{"start":{"line":326,"column":4},"end":{"line":328,"column":null}},"type":"if","locations":[{"start":{"line":326,"column":4},"end":{"line":328,"column":null}},{"start":{},"end":{}}],"line":326},"27":{"loc":{"start":{"line":326,"column":8},"end":{"line":326,"column":42}},"type":"binary-expr","locations":[{"start":{"line":326,"column":8},"end":{"line":326,"column":20}},{"start":{"line":326,"column":20},"end":{"line":326,"column":42}}],"line":326},"28":{"loc":{"start":{"line":332,"column":4},"end":{"line":334,"column":null}},"type":"if","locations":[{"start":{"line":332,"column":4},"end":{"line":334,"column":null}},{"start":{},"end":{}}],"line":332},"29":{"loc":{"start":{"line":332,"column":8},"end":{"line":332,"column":47}},"type":"binary-expr","locations":[{"start":{"line":332,"column":8},"end":{"line":332,"column":20}},{"start":{"line":332,"column":20},"end":{"line":332,"column":47}}],"line":332},"30":{"loc":{"start":{"line":338,"column":4},"end":{"line":340,"column":null}},"type":"if","locations":[{"start":{"line":338,"column":4},"end":{"line":340,"column":null}},{"start":{},"end":{}}],"line":338},"31":{"loc":{"start":{"line":344,"column":4},"end":{"line":348,"column":null}},"type":"if","locations":[{"start":{"line":344,"column":4},"end":{"line":348,"column":null}},{"start":{},"end":{}}],"line":344},"32":{"loc":{"start":{"line":358,"column":10},"end":{"line":381,"column":null}},"type":"if","locations":[{"start":{"line":358,"column":10},"end":{"line":381,"column":null}},{"start":{},"end":{}}],"line":358},"33":{"loc":{"start":{"line":358,"column":14},"end":{"line":358,"column":68}},"type":"binary-expr","locations":[{"start":{"line":358,"column":14},"end":{"line":358,"column":47}},{"start":{"line":358,"column":47},"end":{"line":358,"column":68}}],"line":358},"34":{"loc":{"start":{"line":371,"column":20},"end":{"line":371,"column":null}},"type":"binary-expr","locations":[{"start":{"line":371,"column":20},"end":{"line":371,"column":43}},{"start":{"line":371,"column":43},"end":{"line":371,"column":null}}],"line":371},"35":{"loc":{"start":{"line":397,"column":16},"end":{"line":397,"column":null}},"type":"cond-expr","locations":[{"start":{"line":397,"column":41},"end":{"line":397,"column":53}},{"start":{"line":397,"column":53},"end":{"line":397,"column":null}}],"line":397},"36":{"loc":{"start":{"line":422,"column":23},"end":{"line":422,"column":39}},"type":"binary-expr","locations":[{"start":{"line":422,"column":23},"end":{"line":422,"column":28}},{"start":{"line":422,"column":28},"end":{"line":422,"column":39}}],"line":422},"37":{"loc":{"start":{"line":423,"column":6},"end":{"line":425,"column":null}},"type":"if","locations":[{"start":{"line":423,"column":6},"end":{"line":425,"column":null}},{"start":{},"end":{}}],"line":423},"38":{"loc":{"start":{"line":424,"column":30},"end":{"line":424,"column":57}},"type":"binary-expr","locations":[{"start":{"line":424,"column":30},"end":{"line":424,"column":52}},{"start":{"line":424,"column":52},"end":{"line":424,"column":57}}],"line":424},"39":{"loc":{"start":{"line":439,"column":4},"end":{"line":441,"column":null}},"type":"if","locations":[{"start":{"line":439,"column":4},"end":{"line":441,"column":null}},{"start":{},"end":{}}],"line":439},"40":{"loc":{"start":{"line":445,"column":10},"end":{"line":445,"column":null}},"type":"binary-expr","locations":[{"start":{"line":445,"column":10},"end":{"line":445,"column":26}},{"start":{"line":445,"column":20},"end":{"line":445,"column":null}}],"line":445},"41":{"loc":{"start":{"line":446,"column":21},"end":{"line":453,"column":null}},"type":"binary-expr","locations":[{"start":{"line":446,"column":21},"end":{"line":446,"column":48}},{"start":{"line":446,"column":48},"end":{"line":453,"column":null}}],"line":446},"42":{"loc":{"start":{"line":454,"column":17},"end":{"line":454,"column":null}},"type":"binary-expr","locations":[{"start":{"line":454,"column":17},"end":{"line":454,"column":40}},{"start":{"line":454,"column":27},"end":{"line":454,"column":null}}],"line":454},"43":{"loc":{"start":{"line":460,"column":81},"end":{"line":460,"column":101}},"type":"binary-expr","locations":[{"start":{"line":460,"column":81},"end":{"line":460,"column":99}},{"start":{"line":460,"column":99},"end":{"line":460,"column":101}}],"line":460},"44":{"loc":{"start":{"line":464,"column":29},"end":{"line":464,"column":null}},"type":"binary-expr","locations":[{"start":{"line":464,"column":29},"end":{"line":464,"column":55}},{"start":{"line":464,"column":55},"end":{"line":464,"column":null}}],"line":464},"45":{"loc":{"start":{"line":466,"column":4},"end":{"line":472,"column":null}},"type":"if","locations":[{"start":{"line":466,"column":4},"end":{"line":472,"column":null}},{"start":{"line":470,"column":11},"end":{"line":472,"column":null}}],"line":466},"46":{"loc":{"start":{"line":466,"column":8},"end":{"line":466,"column":73}},"type":"binary-expr","locations":[{"start":{"line":466,"column":8},"end":{"line":466,"column":44}},{"start":{"line":466,"column":44},"end":{"line":466,"column":73}}],"line":466},"47":{"loc":{"start":{"line":471,"column":24},"end":{"line":471,"column":null}},"type":"binary-expr","locations":[{"start":{"line":471,"column":24},"end":{"line":471,"column":43}},{"start":{"line":471,"column":43},"end":{"line":471,"column":null}}],"line":471},"48":{"loc":{"start":{"line":475,"column":4},"end":{"line":482,"column":null}},"type":"if","locations":[{"start":{"line":475,"column":4},"end":{"line":482,"column":null}},{"start":{},"end":{}}],"line":475},"49":{"loc":{"start":{"line":480,"column":14},"end":{"line":480,"column":null}},"type":"binary-expr","locations":[{"start":{"line":480,"column":14},"end":{"line":480,"column":42}},{"start":{"line":480,"column":42},"end":{"line":480,"column":null}}],"line":480},"50":{"loc":{"start":{"line":492,"column":4},"end":{"line":537,"column":null}},"type":"if","locations":[{"start":{"line":492,"column":4},"end":{"line":537,"column":null}},{"start":{},"end":{}}],"line":492},"51":{"loc":{"start":{"line":495,"column":14},"end":{"line":495,"column":null}},"type":"binary-expr","locations":[{"start":{"line":495,"column":14},"end":{"line":495,"column":38}},{"start":{"line":495,"column":38},"end":{"line":495,"column":null}}],"line":495},"52":{"loc":{"start":{"line":496,"column":20},"end":{"line":496,"column":null}},"type":"binary-expr","locations":[{"start":{"line":496,"column":20},"end":{"line":496,"column":57}},{"start":{"line":496,"column":57},"end":{"line":496,"column":null}}],"line":496},"53":{"loc":{"start":{"line":500,"column":6},"end":{"line":521,"column":null}},"type":"if","locations":[{"start":{"line":500,"column":6},"end":{"line":521,"column":null}},{"start":{},"end":{}}],"line":500},"54":{"loc":{"start":{"line":501,"column":20},"end":{"line":501,"column":null}},"type":"binary-expr","locations":[{"start":{"line":501,"column":20},"end":{"line":501,"column":42}},{"start":{"line":501,"column":42},"end":{"line":501,"column":null}}],"line":501},"55":{"loc":{"start":{"line":528,"column":6},"end":{"line":530,"column":null}},"type":"if","locations":[{"start":{"line":528,"column":6},"end":{"line":530,"column":null}},{"start":{},"end":{}}],"line":528},"56":{"loc":{"start":{"line":535,"column":22},"end":{"line":535,"column":46}},"type":"binary-expr","locations":[{"start":{"line":535,"column":22},"end":{"line":535,"column":41}},{"start":{"line":535,"column":41},"end":{"line":535,"column":46}}],"line":535},"57":{"loc":{"start":{"line":541,"column":4},"end":{"line":560,"column":null}},"type":"if","locations":[{"start":{"line":541,"column":4},"end":{"line":560,"column":null}},{"start":{},"end":{}}],"line":541},"58":{"loc":{"start":{"line":541,"column":8},"end":{"line":541,"column":76}},"type":"binary-expr","locations":[{"start":{"line":541,"column":8},"end":{"line":541,"column":44}},{"start":{"line":541,"column":44},"end":{"line":541,"column":76}}],"line":541},"59":{"loc":{"start":{"line":547,"column":6},"end":{"line":559,"column":null}},"type":"if","locations":[{"start":{"line":547,"column":6},"end":{"line":559,"column":null}},{"start":{},"end":{}}],"line":547},"60":{"loc":{"start":{"line":566,"column":4},"end":{"line":573,"column":null}},"type":"if","locations":[{"start":{"line":566,"column":4},"end":{"line":573,"column":null}},{"start":{},"end":{}}],"line":566},"61":{"loc":{"start":{"line":575,"column":4},"end":{"line":579,"column":null}},"type":"if","locations":[{"start":{"line":575,"column":4},"end":{"line":579,"column":null}},{"start":{},"end":{}}],"line":575},"62":{"loc":{"start":{"line":584,"column":4},"end":{"line":592,"column":null}},"type":"if","locations":[{"start":{"line":584,"column":4},"end":{"line":592,"column":null}},{"start":{},"end":{}}],"line":584},"63":{"loc":{"start":{"line":589,"column":21},"end":{"line":589,"column":58}},"type":"binary-expr","locations":[{"start":{"line":589,"column":21},"end":{"line":589,"column":53}},{"start":{"line":589,"column":53},"end":{"line":589,"column":58}}],"line":589},"64":{"loc":{"start":{"line":598,"column":13},"end":{"line":598,"column":null}},"type":"binary-expr","locations":[{"start":{"line":598,"column":13},"end":{"line":598,"column":31}},{"start":{"line":598,"column":31},"end":{"line":598,"column":null}}],"line":598},"65":{"loc":{"start":{"line":625,"column":67},"end":{"line":625,"column":85}},"type":"default-arg","locations":[{"start":{"line":625,"column":78},"end":{"line":625,"column":85}}],"line":625},"66":{"loc":{"start":{"line":629,"column":6},"end":{"line":629,"column":null}},"type":"if","locations":[{"start":{"line":629,"column":6},"end":{"line":629,"column":null}},{"start":{},"end":{}}],"line":629},"67":{"loc":{"start":{"line":634,"column":14},"end":{"line":634,"column":null}},"type":"binary-expr","locations":[{"start":{"line":634,"column":14},"end":{"line":634,"column":42}},{"start":{"line":634,"column":42},"end":{"line":634,"column":null}}],"line":634},"68":{"loc":{"start":{"line":637,"column":6},"end":{"line":640,"column":null}},"type":"if","locations":[{"start":{"line":637,"column":6},"end":{"line":640,"column":null}},{"start":{},"end":{}}],"line":637},"69":{"loc":{"start":{"line":645,"column":43},"end":{"line":645,"column":79}},"type":"cond-expr","locations":[{"start":{"line":645,"column":62},"end":{"line":645,"column":77}},{"start":{"line":645,"column":77},"end":{"line":645,"column":79}}],"line":645},"70":{"loc":{"start":{"line":652,"column":6},"end":{"line":669,"column":null}},"type":"if","locations":[{"start":{"line":652,"column":6},"end":{"line":669,"column":null}},{"start":{"line":661,"column":6},"end":{"line":669,"column":null}}],"line":652},"71":{"loc":{"start":{"line":652,"column":10},"end":{"line":652,"column":67}},"type":"binary-expr","locations":[{"start":{"line":652,"column":10},"end":{"line":652,"column":39}},{"start":{"line":652,"column":39},"end":{"line":652,"column":67}}],"line":652},"72":{"loc":{"start":{"line":657,"column":34},"end":{"line":657,"column":71}},"type":"binary-expr","locations":[{"start":{"line":657,"column":34},"end":{"line":657,"column":66}},{"start":{"line":657,"column":66},"end":{"line":657,"column":71}}],"line":657},"73":{"loc":{"start":{"line":658,"column":35},"end":{"line":658,"column":73}},"type":"binary-expr","locations":[{"start":{"line":658,"column":35},"end":{"line":658,"column":68}},{"start":{"line":658,"column":68},"end":{"line":658,"column":73}}],"line":658},"74":{"loc":{"start":{"line":661,"column":6},"end":{"line":669,"column":null}},"type":"if","locations":[{"start":{"line":661,"column":6},"end":{"line":669,"column":null}},{"start":{},"end":{}}],"line":661},"75":{"loc":{"start":{"line":661,"column":17},"end":{"
[...]
,"/Users/anandinisingh/Downloads/webdev2/ots-webapp/src/utils/securityUtils.js": {"path":"/Users/anandinisingh/Downloads/webdev2/ots-webapp/src/utils/securityUtils.js","statementMap":{"0":{"start":{"line":11,"column":26},"end":{"line":24,"column":null}},"1":{"start":{"line":12,"column":2},"end":{"line":12,"column":null}},"2":{"start":{"line":12,"column":31},"end":{"line":12,"column":null}},"3":{"start":{"line":13,"column":23},"end":{"line":22,"column":null}},"4":{"start":{"line":23,"column":2},"end":{"line":23,"column":null}},"5":{"start":{"line":23,"column":46},"end":{"line":23,"column":64}},"6":{"start":{"line":29,"column":25},"end":{"line":32,"column":null}},"7":{"start":{"line":30,"column":2},"end":{"line":30,"column":null}},"8":{"start":{"line":30,"column":31},"end":{"line":30,"column":null}},"9":{"start":{"line":31,"column":2},"end":{"line":31,"column":null}},"10":{"start":{"line":37,"column":29},"end":{"line":43,"column":null}},"11":{"start":{"line":38,"column":2},"end":{"line":38,"column":null}},"12":{"start":{"line":38,"column":14},"end":{"line":38,"column":null}},"13":{"start":{"line":39,"column":2},"end":{"line":39,"column":null}},"14":{"start":{"line":39,"column":39},"end":{"line":39,"column":null}},"15":{"start":{"line":40,"column":14},"end":{"line":40,"column":null}},"16":{"start":{"line":41,"column":2},"end":{"line":41,"column":null}},"17":{"start":{"line":42,"column":2},"end":{"line":42,"column":null}},"18":{"start":{"line":48,"column":30},"end":{"line":60,"column":null}},"19":{"start":{"line":49,"column":2},"end":{"line":51,"column":null}},"20":{"start":{"line":50,"column":4},"end":{"line":50,"column":null}},"21":{"start":{"line":52,"column":2},"end":{"line":54,"column":null}},"22":{"start":{"line":53,"column":4},"end":{"line":53,"column":null}},"23":{"start":{"line":55,"column":20},"end":{"line":55,"column":null}},"24":{"start":{"line":56,"column":2},"end":{"line":58,"column":null}},"25":{"start":{"line":57,"column":4},"end":{"line":57,"column":null}},"26":{"start":{"line":59,"column":2},"end":{"line":59,"column":null}},"27":{"start":{"line":64,"column":28},"end":{"line":64,"column":null}},"28":{"start":{"line":64,"column":39},"end":{"line":64,"column":null}},"29":{"start":{"line":65,"column":34},"end":{"line":65,"column":null}},"30":{"start":{"line":65,"column":45},"end":{"line":65,"column":null}},"31":{"start":{"line":66,"column":30},"end":{"line":66,"column":null}},"32":{"start":{"line":66,"column":43},"end":{"line":66,"column":null}},"33":{"start":{"line":67,"column":26},"end":{"line":68,"column":null}},"34":{"start":{"line":68,"column":2},"end":{"line":68,"column":null}},"35":{"start":{"line":70,"column":32},"end":{"line":76,"column":null}},"36":{"start":{"line":71,"column":2},"end":{"line":71,"column":null}},"37":{"start":{"line":71,"column":36},"end":{"line":71,"column":null}},"38":{"start":{"line":72,"column":2},"end":{"line":75,"column":null}},"39":{"start":{"line":80,"column":23},"end":{"line":80,"column":null}},"40":{"start":{"line":82,"column":35},"end":{"line":89,"column":null}},"41":{"start":{"line":83,"column":16},"end":{"line":83,"column":null}},"42":{"start":{"line":84,"column":14},"end":{"line":84,"column":null}},"43":{"start":{"line":85,"column":2},"end":{"line":87,"column":null}},"44":{"start":{"line":85,"column":15},"end":{"line":85,"column":16}},"45":{"start":{"line":86,"column":4},"end":{"line":86,"column":null}},"46":{"start":{"line":88,"column":2},"end":{"line":88,"column":null}},"47":{"start":{"line":91,"column":28},"end":{"line":94,"column":null}},"48":{"start":{"line":92,"column":2},"end":{"line":92,"column":null}},"49":{"start":{"line":92,"column":17},"end":{"line":92,"column":null}},"50":{"start":{"line":93,"column":2},"end":{"line":93,"column":null}},"51":{"start":{"line":96,"column":27},"end":{"line":103,"column":null}},"52":{"start":{"line":97,"column":2},"end":{"line":102,"column":null}},"53":{"start":{"line":98,"column":4},"end":{"line":98,"column":null}},"54":{"start":{"line":100,"column":4},"end":{"line":100,"column":null}},"55":{"start":{"line":101,"column":4},"end":{"line":101,"column":null}},"56":{"start":{"line":105,"column":27},"end":{"line":113,"column":null}},"57":{"start":{"line":106,"column":2},"end":{"line":112,"column":null}},"58":{"start":{"line":107,"column":18},"end":{"line":107,"column":null}},"59":{"start":{"line":108,"column":4},"end":{"line":108,"column":null}},"60":{"start":{"line":110,"column":4},"end":{"line":110,"column":null}},"61":{"start":{"line":111,"column":4},"end":{"line":111,"column":null}},"62":{"start":{"line":117,"column":21},"end":{"line":117,"column":null}},"63":{"start":{"line":119,"column":30},"end":{"line":137,"column":null}},"64":{"start":{"line":120,"column":14},"end":{"line":120,"column":null}},"65":{"start":{"line":121,"column":17},"end":{"line":121,"column":null}},"66":{"start":{"line":122,"column":2},"end":{"line":125,"column":null}},"67":{"start":{"line":123,"column":4},"end":{"line":123,"column":null}},"68":{"start":{"line":124,"column":4},"end":{"line":124,"column":null}},"69":{"start":{"line":126,"column":2},"end":{"line":129,"column":null}},"70":{"start":{"line":127,"column":4},"end":{"line":127,"column":null}},"71":{"start":{"line":128,"column":4},"end":{"line":128,"column":null}},"72":{"start":{"line":130,"column":2},"end":{"line":133,"column":null}},"73":{"start":{"line":131,"column":23},"end":{"line":131,"column":null}},"74":{"start":{"line":132,"column":4},"end":{"line":132,"column":null}},"75":{"start":{"line":134,"column":2},"end":{"line":134,"column":null}},"76":{"start":{"line":135,"column":2},"end":{"line":135,"column":null}},"77":{"start":{"line":136,"column":2},"end":{"line":136,"column":null}},"78":{"start":{"line":146,"column":25},"end":{"line":161,"column":null}},"79":{"start":{"line":147,"column":2},"end":{"line":147,"column":null}},"80":{"start":{"line":147,"column":67},"end":{"line":147,"column":null}},"81":{"start":{"line":150,"column":2},"end":{"line":153,"column":null}},"82":{"start":{"line":151,"column":28},"end":{"line":151,"column":null}},"83":{"start":{"line":152,"column":4},"end":{"line":152,"column":null}},"84":{"start":{"line":156,"column":2},"end":{"line":158,"column":null}},"85":{"start":{"line":157,"column":4},"end":{"line":157,"column":null}},"86":{"start":{"line":160,"column":2},"end":{"line":160,"column":null}},"87":{"start":{"line":166,"column":26},"end":{"line":170,"column":null}},"88":{"start":{"line":167,"column":2},"end":{"line":169,"column":null}}},"fnMap":{"0":{"name":"(anonymous_0)","decl":{"start":{"line":11,"column":26},"end":{"line":11,"column":27}},"loc":{"start":{"line":11,"column":35},"end":{"line":24,"column":null}},"line":11},"1":{"name":"(anonymous_1)","decl":{"start":{"line":23,"column":36},"end":{"line":23,"column":37}},"loc":{"start":{"line":23,"column":46},"end":{"line":23,"column":64}},"line":23},"2":{"name":"(anonymous_2)","decl":{"start":{"line":29,"column":25},"end":{"line":29,"column":26}},"loc":{"start":{"line":29,"column":34},"end":{"line":32,"column":null}},"line":29},"3":{"name":"(anonymous_3)","decl":{"start":{"line":37,"column":29},"end":{"line":37,"column":30}},"loc":{"start":{"line":37,"column":40},"end":{"line":43,"column":null}},"line":37},"4":{"name":"(anonymous_4)","decl":{"start":{"line":48,"column":30},"end":{"line":48,"column":31}},"loc":{"start":{"line":48,"column":39},"end":{"line":60,"column":null}},"line":48},"5":{"name":"(anonymous_5)","decl":{"start":{"line":64,"column":28},"end":{"line":64,"column":29}},"loc":{"start":{"line":64,"column":39},"end":{"line":64,"column":null}},"line":64},"6":{"name":"(anonymous_6)","decl":{"start":{"line":65,"column":34},"end":{"line":65,"column":35}},"loc":{"start":{"line":65,"column":45},"end":{"line":65,"column":null}},"line":65},"7":{"name":"(anonymous_7)","decl":{"start":{"line":66,"column":30},"end":{"line":66,"column":31}},"loc":{"start":{"line":66,"column":43},"end":{"line":66,"column":null}},"line":66},"8":{"name":"(anonymous_8)","decl":{"start":{"line":67,"column":26},"end":{"line":67,"column":27}},"loc":{"start":{"line":68,"column":2},"end":{"line":68,"column":null}},"line":68},"9":{"name":"(anonymous_9)","decl":{"start":{"line":70,"column":32},"end":{"line":70,"column":33}},"loc":{"start":{"line":70,"column":46},"end":{"line":76,"column":null}},"line":70},"10":{"name":"(anonymous_10)","decl":{"start":{"line":82,"column":35},"end":{"line":82,"column":36}},"loc":{"start":{"line":82,"column":52},"end":{"line":89,"column":null}},"line":82},"11":{"name":"(anonymous_11)","decl":{"start":{"line":91,"column":28},"end":{"line":91,"column":29}},"loc":{"start":{"line":91,"column":42},"end":{"line":94,"column":null}},"line":91},"12":{"name":"(anonymous_12)","decl":{"start":{"line":96,"column":27},"end":{"line":96,"column":28}},"loc":{"start":{"line":96,"column":59},"end":{"line":103,"column":null}},"line":96},"13":{"name":"(anonymous_13)","decl":{"start":{"line":105,"column":27},"end":{"line":105,"column":28}},"loc":{"start":{"line":105,"column":68},"end":{"line":113,"column":null}},"line":105},"14":{"name":"(anonymous_14)","decl":{"start":{"line":119,"column":30},"end":{"line":119,"column":31}},"loc":{"start":{"line":119,"column":74},"end":{"line":137,"column":null}},"line":119},"15":{"name":"(anonymous_15)","decl":{"start":{"line":146,"column":25},"end":{"line":146,"column":26}},"loc":{"start":{"line":146,"column":41},"end":{"line":161,"column":null}},"line":146},"16":{"name":"(anonymous_16)","decl":{"start":{"line":166,"column":26},"end":{"line":166,"column":27}},"loc":{"start":{"line":166,"column":34},"end":{"line":170,"column":null}},"line":166}},"branchMap":{"0":{"loc":{"start":{"line":12,"column":2},"end":{"line":12,"column":null}},"type":"if","locations":[{"start":{"line":12,"column":2},"end":{"line":12,"column":null}},{"start":{},"end":{}}],"line":12},"1":{"loc":{"start":{"line":30,"column":2},"end":{"line":30,"column":null}},"type":"if","locations":[{"start":{"line":30,"column":2},"end":{"line":30,"column":null}},{"start":{},"end":{}}],"line":30},"2":{"loc":{"start":{"line":38,"column":2},"end":{"line":38,"column":null}},"type":"if","locations":[{"start":{"line":38,"column":2},"end":{"line":38,"column":null}},{"start":{},"end":{}}],"line":38},"3":{"loc":{"start":{"line":39,"column":2},"end":{"line":39,"column":null}},"type":"if","locations":[{"start":{"line":39,"column":2},"end":{"line":39,"column":null}},{"start":{},"end":{}}],"line":39},"4":{"loc":{"start":{"line":49,"column":2},"end":{"line":51,"column":null}},"type":"if","locations":[{"start":{"line":49,"column":2},"end":{"line":51,"column":null}},{"start":{},"end":{}}],"line":49},"5":{"loc":{"start":{"line":49,"column":6},"end":{"line":49,"column":45}},"type":"binary-expr","locations":[{"start":{"line":49,"column":6},"end":{"line":49,"column":29}},{"start":{"line":49,"column":33},"end":{"line":49,"column":45}}],"line":49},"6":{"loc":{"start":{"line":50,"column":11},"end":{"line":50,"column":null}},"type":"cond-expr","locations":[{"start":{"line":50,"column":37},"end":{"line":50,"column":52}},{"start":{"line":50,"column":55},"end":{"line":50,"column":null}}],"line":50},"7":{"loc":{"start":{"line":52,"column":2},"end":{"line":54,"column":null}},"type":"if","locations":[{"start":{"line":52,"column":2},"end":{"line":54,"column":null}},{"start":{},"end":{}}],"line":52},"8":{"loc":{"start":{"line":71,"column":2},"end":{"line":71,"column":null}},"type":"if","locations":[{"start":{"line":71,"column":2},"end":{"line":71,"column":null}},{"start":{},"end":{}}],"line":71},"9":{"loc":{"start":{"line":80,"column":23},"end":{"line":80,"column":null}},"type":"binary-expr","locations":[{"start":{"line":80,"column":23},"end":{"line":80,"column":58}},{"start":{"line":80,"column":62},"end":{"line":80,"column":null}}],"line":80},"10":{"loc":{"start":{"line":82,"column":36},"end":{"line":82,"column":47}},"type":"default-arg","locations":[{"start":{"line":82,"column":45},"end":{"line":82,"column":47}}],"line":82},"11":{"loc":{"start":{"line":92,"column":2},"end":{"line":92,"column":null}},"type":"if","locations":[{"start":{"line":92,"column":2},"end":{"line":92,"column":null}},{"start":{},"end":{}}],"line":92},"12":{"loc":{"start":{"line":96,"column":34},"end":{"line":96,"column":54}},"type":"default-arg","locations":[{"start":{"line":96,"column":40},"end":{"line":96,"column":54}}],"line":96},"13":{"loc":{"start":{"line":105,"column":43},"end":{"line":105,"column":63}},"type":"default-arg","locations":[{"start":{"line":105,"column":49},"end":{"line":105,"column":63}}],"line":105},"14":{"loc":{"start":{"line":119,"column":36},"end":{"line":119,"column":51}},"type":"default-arg","locations":[{"start":{"line":119,"column":50},"end":{"line":119,"column":51}}],"line":119},"15":{"loc":{"start":{"line":119,"column":53},"end":{"line":119,"column":69}},"type":"default-arg","locations":[{"start":{"line":119,"column":64},"end":{"line":119,"column":69}}],"line":119},"16":{"loc":{"start":{"line":122,"column":2},"end":{"line":125,"column":null}},"type":"if","locations":[{"start":{"line":122,"column":2},"end":{"line":125,"column":null}},{"start":{},"end":{}}],"line":122},"17":{"loc":{"start":{"line":126,"column":2},"end":{"line":129,"column":null}},"type":"if","locations":[{"start":{"line":126,"column":2},"end":{"line":129,"column":null}},{"start":{},"end":{}}],"line":126},"18":{"loc":{"start":{"line":130,"column":2},"end":{"line":133,"column":null}},"type":"if","locations":[{"start":{"line":130,"column":2},"end":{"line":133,"column":null}},{"start":{},"end":{}}],"line":130},"19":{"loc":{"start":{"line":147,"column":2},"end":{"line":147,"column":null}},"type":"if","locations":[{"start":{"line":147,"column":2},"end":{"line":147,"column":null}},{"start":{},"end":{}}],"line":147},"20":{"loc":{"start":{"line":147,"column":6},"end":{"line":147,"column":65}},"type":"binary-expr","locations":[{"start":{"line":147,"column":6},"end":{"line":147,"column":11}},{"start":{"line":147,"column":15},"end":{"line":147,"column":65}}],"line":147},"21":{"loc":{"start":{"line":150,"column":2},"end":{"line":153,"column":null}},"type":"if","locations":[{"start":{"line":150,"column":2},"end":{"line":153,"column":null}},{"start":{},"end":{}}],"line":150},"22":{"loc":{"start":{"line":156,"column":2},"end":{"line":158,"column":null}},"type":"if","locations":[{"start":{"line":156,"column":2},"end":{"line":158,"column":null}},{"start":{},"end":{}}],"line":156}},"s":{"0":1,"1":4,"2":2,"3":2,"4":2,"5":9,"6":1,"7":1,"8":0,"9":1,"10":1,"11":0,"12":0,"13":0,"14":0,"15":0,"16":0,"17":0,"18":1,"19":0,"20":0,"21":0,"22":0,"23":0,"24":0,"25":0,"26":0,"27":1,"28":4,"29":1,"30":4,"31":1,"32":4,"33":1,"34":2,"35":1,"36":2,"37":0,"38":2,"39":1,"40":1,"41":0,"42":0,"43":0,"44":0,"45":0,"46":0,"47":1,"48":0,"49":0,"50":0,"51":1,"52":0,"53":0,"54":0,"55":0,"56":1,"57":0,"58":0,"59":0,"60":0,"61":0,"62":1,"63":1,"64":0,"65":0,"66":0,"67":0,"68":0,"69":0,"70":0,"71":0,"72":0,"73":0,"74":0,"75":0,"76":0,"77":0,"78":1,"79":0,"80":0,"81":0,"82":0,"83":0,"84":0,"85":0,"86":0,"87":1,"88":0},"f":{"0":4,"1":9,"2":1,"3":0,"4":0,"5":4,"6":4,"7":4,"8":2,"9":2,"10":0,"11":0,"12":0,"13":0,"14":0,"15":0,"16":0},"b":{"0":[2,2],"1":[0,1],"2":[0,0],"3":[0,0],"4":[0,0],"5":[0,0],"6":[0,0],"7":[0,0],"8":[0,2],"9":[1,1],"10":[0],"11":[0,0],"12":[0],"13":[0],"14":[0],"15":[0],"16":[0,0],"17":[0,0],"18":[0,0],"19":[0,0],"20":[0,0],"21":[0,0],"22":[0,0]},"meta":{"lastBranch":23,"lastFunction":17,"lastStatement":89,"seen":{"s:11:26:24:Infinity":0,"f:11:26:11:27":0,"b:12:2:12:Infinity:undefined:undefined:undefined:undefined":0,"s:12:2:12:Infinity":1,"s:12:31:12:Infinity":2,"s:13:23:22:Infinity":3,"s:23:2:23:Infinity":4,"f:23:36:23:37":1,"s:23:46:23:64":5,"s:29:25:32:Infinity":6,"f:29:25:29:26":2,"b:30:2:30:Infinity:undefined:undefined:undefined:undefined":1,"s:30:2:30:Infinity":7,"s:30:31:30:Infinity":8,"s:31:2:31:Infinity":9,"s:37:29:43:Infinity":10,"f:37:29:37:30":3,"b:38:2:38:Infinity:undefined:undefined:undefined:undefined":2,"s:38:2:38:Infinity":11,"s:38:14:38:Infinity":12,"b:39:2:39:Infinity:undefined:undefined:undefined:undefined":3,"s:39:2:39:Infinity":13,"s:39:39:39:Infinity":14,"s:40:14:40:Infinity":15,"s:41:2:41:Infinity":16,"s:42:2:42:Infinity":17,"s:48:30:60:Infinity":18,"f:48:30:48:31":4,"b:49:2:51:Infinity:undefined:undefined:undefined:undefined":4,"s:49:2:51:Infinity":19,"b:49:6:49:29:49:33:49:45":5,"s:50:4:50:Infinity":20,"b:50:37:50:52:50:55:50:Infinity":6,"b:52:2:54:Infinity:undefined:undefined:undefined:undefined":7,"s:52:2:54:Infinity":21,"s:53:4:53:Infinity":22,"s:55:20:55:Infinity":23,"s:56:2:58:Infinity":24,"s:57:4:57:Infinity":25,"s:59:2:59:Infinity":26,"s:64:28:64:Infinity":27,"f:64:28:64:29":5,"s:64:39:64:Infinity":28,"s:65:34:65:Infinity":29,"f:65:34:65:35":6,"s:65:45:65:Infinity":30,"s:66:30:66:Infinity":31,"f:66:30:66:31":7,"s:66:43:66:Infinity":32,"s:67:26:68:Infinity":33,"f:67:26:67:27":8,"s:68:2:68:Infinity":34,"s:70:32:76:Infinity":35,"f:70:32:70:33":9,"b:71:2:71:Infinity:undefined:undefined:undefined:undefined":8,"s:71:2:71:Infinity":36,"s:71:36:71:Infinity":37,"s:72:2:75:Infinity":38,"s:80:23:80:Infinity":39,"b:80:23:80:58:80:62:80:Infinity":9,"s:82:35:89:Infinity":40,"f:82:35:82:36":10,"b:82:45:82:47":10,"s:83:16:83:Infinity":41,"s:84:14:84:Infinity":42,"s:85:2:87:Infinity":43,"s:85:15:85:16":44,"s:86:4:86:Infinity":45,"s:88:2:88:Infinity":46,"s:91:28:94:Infinity":47,"f:91:28:91:29":11,"b:92:2:92:Infinity:undefined:undefined:undefined:undefined":11,"s:92:2:92:Infinity":48,"s:92:17:92:Infinity":49,"s:93:2:93:Infinity":50,"s:96:27:103:Infinity":51,"f:96:27:96:28":12,"b:96:40:96:54":12,"s:97:2:102:Infinity":52,"s:98:4:98:Infinity":53,"s:100:4:100:Infinity":54,"s:101:4:101:Infinity":55,"s:105:27:113:Infinity":56,"f:105:27:105:28":13,"b:105:49:105:63":13,"s:106:2:112:Infinity":57,"s:107:18:107:Infinity":58,"s:108:4:108:Infinity":59,"s:110:4:110:Infinity":60,"s:111:4:111:Infinity":61,"s:117:21:117:Infinity":62,"s:119:30:137:Infinity":63,"f:119:30:119:31":14,"b:119:50:119:51":14,"b:119:64:119:69":15,"s:120:14:120:Infinity":64,"s:121:17:121:Infinity":65,"b:122:2:125:Infinity:undefined:undefined:undefined:undefined":16,"s:122:2:125:Infinity":66,"s:123:4:123:Infinity":67,"s:124:4:124:Infinity":68,"b:126:2:129:Infinity:undefined:undefined:undefined:undefined":17,"s:126:2:129:Infinity":69,"s:127:4:127:Infinity":70,"s:128:4:128:Infinity":71,"b:130:2:133:Infinity:undefined:undefined:undefined:undefined":18,"s:130:2:133:Infinity":72,"s:131:23:131:Infinity":73,"s:132:4:132:Infinity":74,"s:134:2:134:Infinity":75,"s:135:2:135:Infinity":76,"s:136:2:136:Infinity":77,"s:146:25:161:Infinity":78,"f:146:25:146:26":15,"b:147:2:147:Infinity:undefined:undefined:undefined:undefined":19,"s:147:2:147:Infinity":79,"b:147:6:147:11:147:15:147:65":20,"s:147:67:147:Infinity":80,"b:150:2:153:Infinity:undefined:undefined:undefined:undefined":21,"s:150:2:153:Infinity":81,"s:151:28:151:Infinity":82,"s:152:4:152:Infinity":83,"b:156:2:158:Infinity:undefined:undefined:undefined:undefined":22,"s:156:2:158:Infinity":84,"s:157:4:157:Infinity":85,"s:160:2:160:Infinity":86,"s:166:26:170:Infinity":87,"f:166:26:166:27":16,"s:167:2:169:Infinity":88}}}
}
